mode: set
github.com/jonesrussell/godo/internal/domain/repository/note_repository.go:22.73,24.2 1 0
github.com/jonesrussell/godo/internal/domain/repository/note_repository.go:26.75,27.39 1 0
github.com/jonesrussell/godo/internal/domain/repository/note_repository.go:27.39,29.3 1 0
github.com/jonesrussell/godo/internal/domain/repository/note_repository.go:31.2,32.16 2 0
github.com/jonesrussell/godo/internal/domain/repository/note_repository.go:32.16,34.3 1 0
github.com/jonesrussell/godo/internal/domain/repository/note_repository.go:36.2,39.12 4 0
github.com/jonesrussell/godo/internal/domain/repository/note_repository.go:42.87,44.16 2 0
github.com/jonesrussell/godo/internal/domain/repository/note_repository.go:44.16,46.3 1 0
github.com/jonesrussell/godo/internal/domain/repository/note_repository.go:47.2,47.18 1 0
github.com/jonesrussell/godo/internal/domain/repository/note_repository.go:50.78,51.39 1 0
github.com/jonesrussell/godo/internal/domain/repository/note_repository.go:51.39,53.3 1 0
github.com/jonesrussell/godo/internal/domain/repository/note_repository.go:55.2,56.16 2 0
github.com/jonesrussell/godo/internal/domain/repository/note_repository.go:56.16,58.3 1 0
github.com/jonesrussell/godo/internal/domain/repository/note_repository.go:60.2,61.12 2 0
github.com/jonesrussell/godo/internal/domain/repository/note_repository.go:64.71,66.2 1 0
github.com/jonesrussell/godo/internal/domain/repository/note_repository.go:68.75,70.2 1 0
github.com/jonesrussell/godo/internal/domain/repository/note_repository.go:73.39,75.37 1 0
github.com/jonesrussell/godo/internal/domain/repository/note_repository.go:75.37,77.52 1 0
github.com/jonesrussell/godo/internal/domain/repository/note_repository.go:77.52,79.4 1 0
github.com/jonesrussell/godo/internal/domain/repository/note_repository.go:81.2,81.12 1 0
github.com/jonesrussell/godo/internal/infrastructure/gui/quicknote/entry.go:17.24,22.2 4 0
github.com/jonesrussell/godo/internal/infrastructure/gui/quicknote/entry.go:25.49,27.2 1 0
github.com/jonesrussell/godo/internal/infrastructure/gui/quicknote/entry.go:30.46,32.2 1 0
github.com/jonesrussell/godo/internal/infrastructure/gui/quicknote/entry.go:35.55,36.60 1 0
github.com/jonesrussell/godo/internal/infrastructure/gui/quicknote/entry.go:36.60,37.113 1 0
github.com/jonesrussell/godo/internal/infrastructure/gui/quicknote/entry.go:37.113,40.4 2 0
github.com/jonesrussell/godo/internal/infrastructure/gui/quicknote/entry.go:41.3,41.62 1 0
github.com/jonesrussell/godo/internal/infrastructure/gui/quicknote/entry.go:41.62,44.4 2 0
github.com/jonesrussell/godo/internal/infrastructure/gui/quicknote/entry.go:46.2,46.33 1 0
github.com/jonesrussell/godo/internal/infrastructure/gui/quicknote/quicknote.go:55.11,69.2 6 0
github.com/jonesrussell/godo/internal/infrastructure/gui/quicknote/quicknote.go:72.62,76.2 3 0
github.com/jonesrussell/godo/internal/infrastructure/gui/quicknote/quicknote.go:79.25,83.17 3 0
github.com/jonesrussell/godo/internal/infrastructure/gui/quicknote/quicknote.go:83.17,92.3 5 0
github.com/jonesrussell/godo/internal/infrastructure/gui/quicknote/quicknote.go:93.2,93.58 1 0
github.com/jonesrussell/godo/internal/infrastructure/gui/quicknote/quicknote.go:97.25,98.17 1 0
github.com/jonesrussell/godo/internal/infrastructure/gui/quicknote/quicknote.go:98.17,100.3 1 0
github.com/jonesrussell/godo/internal/infrastructure/gui/quicknote/quicknote.go:104.28,140.36 13 0
github.com/jonesrussell/godo/internal/infrastructure/gui/quicknote/quicknote.go:140.36,142.3 1 0
github.com/jonesrussell/godo/internal/infrastructure/gui/quicknote/quicknote.go:144.2,144.46 1 0
github.com/jonesrussell/godo/internal/infrastructure/gui/quicknote/quicknote.go:148.43,151.2 2 0
github.com/jonesrussell/godo/internal/infrastructure/gui/quicknote/quicknote.go:154.28,156.19 2 0
github.com/jonesrussell/godo/internal/infrastructure/gui/quicknote/quicknote.go:156.19,158.3 1 0
github.com/jonesrussell/godo/internal/infrastructure/gui/quicknote/quicknote.go:161.2,173.48 4 0
github.com/jonesrussell/godo/internal/infrastructure/gui/quicknote/quicknote.go:173.48,177.3 3 0
github.com/jonesrussell/godo/internal/infrastructure/gui/quicknote/quicknote.go:180.2,182.60 3 0
github.com/jonesrussell/godo/internal/infrastructure/gui/quicknote/quicknote.go:186.31,188.2 1 0
github.com/jonesrussell/godo/internal/infrastructure/gui/quicknote/quicknote.go:191.59,192.17 1 0
github.com/jonesrussell/godo/internal/infrastructure/gui/quicknote/quicknote.go:192.17,196.14 3 0
github.com/jonesrussell/godo/internal/infrastructure/gui/quicknote/quicknote.go:196.14,198.4 1 0
github.com/jonesrussell/godo/internal/infrastructure/gui/quicknote/quicknote.go:198.9,200.4 1 0
github.com/jonesrussell/godo/internal/infrastructure/gui/quicknote/quicknote.go:204.2,204.12 1 0
github.com/jonesrussell/godo/internal/infrastructure/gui/quicknote/quicknote.go:204.12,206.18 2 0
github.com/jonesrussell/godo/internal/infrastructure/gui/quicknote/quicknote.go:206.18,208.4 1 0
github.com/jonesrussell/godo/internal/application/core/app.go:52.8,81.66 9 0
github.com/jonesrussell/godo/internal/application/core/app.go:81.66,84.3 2 0
github.com/jonesrussell/godo/internal/application/core/app.go:84.8,92.39 4 0
github.com/jonesrussell/godo/internal/application/core/app.go:92.39,94.4 1 0
github.com/jonesrussell/godo/internal/application/core/app.go:97.2,97.12 1 0
github.com/jonesrussell/godo/internal/application/core/app.go:101.36,106.9 3 0
github.com/jonesrussell/godo/internal/application/core/app.go:106.9,109.3 2 0
github.com/jonesrussell/godo/internal/application/core/app.go:112.2,113.35 1 0
github.com/jonesrussell/godo/internal/application/core/app.go:113.35,116.19 2 0
github.com/jonesrussell/godo/internal/application/core/app.go:116.19,119.5 2 0
github.com/jonesrussell/godo/internal/application/core/app.go:121.41,124.19 2 0
github.com/jonesrussell/godo/internal/application/core/app.go:124.19,126.31 2 0
github.com/jonesrussell/godo/internal/application/core/app.go:126.31,128.6 1 0
github.com/jonesrussell/godo/internal/application/core/app.go:132.35,136.4 2 0
github.com/jonesrussell/godo/internal/application/core/app.go:140.2,140.17 1 0
github.com/jonesrussell/godo/internal/application/core/app.go:140.17,145.18 3 0
github.com/jonesrussell/godo/internal/application/core/app.go:145.18,148.4 2 0
github.com/jonesrussell/godo/internal/application/core/app.go:148.9,150.4 1 0
github.com/jonesrussell/godo/internal/application/core/app.go:153.2,154.12 2 0
github.com/jonesrussell/godo/internal/application/core/app.go:158.35,159.21 1 0
github.com/jonesrussell/godo/internal/application/core/app.go:159.21,162.3 2 0
github.com/jonesrussell/godo/internal/application/core/app.go:164.2,164.44 1 0
github.com/jonesrussell/godo/internal/application/core/app.go:164.44,165.49 1 0
github.com/jonesrussell/godo/internal/application/core/app.go:165.49,168.4 2 0
github.com/jonesrussell/godo/internal/application/core/app.go:169.3,169.62 1 0
github.com/jonesrussell/godo/internal/application/core/app.go:173.2,173.41 1 0
github.com/jonesrussell/godo/internal/application/core/app.go:173.41,176.3 2 0
github.com/jonesrussell/godo/internal/application/core/app.go:178.2,179.12 2 0
github.com/jonesrussell/godo/internal/application/core/app.go:183.31,187.41 2 0
github.com/jonesrussell/godo/internal/application/core/app.go:187.41,190.3 1 0
github.com/jonesrussell/godo/internal/application/core/app.go:193.2,193.41 1 0
github.com/jonesrussell/godo/internal/application/core/app.go:193.41,196.3 1 0
github.com/jonesrussell/godo/internal/application/core/app.go:198.2,198.12 1 0
github.com/jonesrussell/godo/internal/application/core/app.go:202.21,222.18 5 0
github.com/jonesrussell/godo/internal/application/core/app.go:222.18,224.3 1 0
github.com/jonesrussell/godo/internal/application/core/app.go:225.2,225.40 1 0
github.com/jonesrussell/godo/internal/application/core/app.go:225.40,228.3 2 0
github.com/jonesrussell/godo/internal/application/core/app.go:231.2,231.36 1 0
github.com/jonesrussell/godo/internal/application/core/app.go:231.36,234.3 2 0
github.com/jonesrussell/godo/internal/application/core/app.go:237.2,237.40 1 0
github.com/jonesrussell/godo/internal/application/core/app.go:237.40,240.3 1 0
github.com/jonesrussell/godo/internal/application/core/app.go:244.2,247.44 2 0
github.com/jonesrussell/godo/internal/application/core/app.go:251.25,255.30 2 0
github.com/jonesrussell/godo/internal/application/core/app.go:255.30,258.25 2 0
github.com/jonesrussell/godo/internal/application/core/app.go:258.25,260.4 1 0
github.com/jonesrussell/godo/internal/application/core/app.go:264.2,264.21 1 0
github.com/jonesrussell/godo/internal/application/core/app.go:264.21,271.13 5 0
github.com/jonesrussell/godo/internal/application/core/app.go:271.13,273.4 1 0
github.com/jonesrussell/godo/internal/application/core/app.go:275.3,275.10 1 0
github.com/jonesrussell/godo/internal/application/core/app.go:276.22,277.18 1 0
github.com/jonesrussell/godo/internal/application/core/app.go:277.18,279.5 1 0
github.com/jonesrussell/godo/internal/application/core/app.go:279.10,281.5 1 0
github.com/jonesrussell/godo/internal/application/core/app.go:282.27,283.67 1 0
github.com/jonesrussell/godo/internal/application/core/app.go:288.2,289.18 2 0
github.com/jonesrussell/godo/internal/application/core/app.go:289.18,291.3 1 0
github.com/jonesrussell/godo/internal/application/core/app.go:292.2,295.50 3 0
github.com/jonesrussell/godo/internal/application/core/app.go:295.50,297.3 1 0
github.com/jonesrussell/godo/internal/application/core/app.go:301.22,306.22 2 0
github.com/jonesrussell/godo/internal/application/core/app.go:306.22,312.13 3 0
github.com/jonesrussell/godo/internal/application/core/app.go:312.13,314.19 2 0
github.com/jonesrussell/godo/internal/application/core/app.go:314.19,316.5 1 0
github.com/jonesrussell/godo/internal/application/core/app.go:320.3,320.10 1 0
github.com/jonesrussell/godo/internal/application/core/app.go:321.15,322.47 1 0
github.com/jonesrussell/godo/internal/application/core/app.go:323.18,324.61 1 0
github.com/jonesrussell/godo/internal/application/core/app.go:330.38,332.2 1 0
github.com/jonesrussell/godo/internal/application/core/app.go:335.41,337.2 1 0
github.com/jonesrussell/godo/internal/application/core/app.go:339.48,341.2 1 0
github.com/jonesrussell/godo/internal/application/core/app.go:344.56,350.30 4 0
github.com/jonesrussell/godo/internal/application/core/app.go:350.30,353.3 2 0
github.com/jonesrussell/godo/internal/application/core/app.go:355.2,356.12 2 0
github.com/jonesrussell/godo/internal/application/core/app.go:360.30,362.2 1 0
github.com/jonesrussell/godo/internal/infrastructure/gui/theme/theme.go:15.30,17.2 1 0
github.com/jonesrussell/godo/internal/infrastructure/hotkey/manager.go:67.88,72.2 1 0
github.com/jonesrussell/godo/internal/infrastructure/hotkey/manager.go:75.97,86.2 3 0
github.com/jonesrussell/godo/internal/infrastructure/hotkey/manager.go:89.109,100.2 3 0
github.com/jonesrussell/godo/internal/infrastructure/hotkey/manager.go:103.100,114.2 3 0
github.com/jonesrussell/godo/internal/infrastructure/hotkey/manager.go:117.111,128.2 3 0
github.com/jonesrussell/godo/internal/infrastructure/hotkey/manager.go:131.42,132.25 1 0
github.com/jonesrussell/godo/internal/infrastructure/hotkey/manager.go:132.25,134.3 1 0
github.com/jonesrussell/godo/internal/infrastructure/hotkey/manager.go:137.2,137.54 1 0
github.com/jonesrussell/godo/internal/infrastructure/hotkey/manager.go:137.54,139.3 1 0
github.com/jonesrussell/godo/internal/infrastructure/hotkey/manager.go:141.2,141.34 1 0
github.com/jonesrussell/godo/internal/infrastructure/hotkey/manager.go:141.34,142.27 1 0
github.com/jonesrussell/godo/internal/infrastructure/hotkey/manager.go:142.27,144.4 1 0
github.com/jonesrussell/godo/internal/infrastructure/hotkey/manager.go:146.3,153.17 3 0
github.com/jonesrussell/godo/internal/infrastructure/hotkey/manager.go:153.17,155.4 1 0
github.com/jonesrussell/godo/internal/infrastructure/hotkey/manager.go:157.3,158.17 2 0
github.com/jonesrussell/godo/internal/infrastructure/hotkey/manager.go:158.17,160.4 1 0
github.com/jonesrussell/godo/internal/infrastructure/hotkey/manager.go:163.3,164.55 2 0
github.com/jonesrussell/godo/internal/infrastructure/hotkey/manager.go:164.55,166.4 1 0
github.com/jonesrussell/godo/internal/infrastructure/hotkey/manager.go:169.3,174.29 2 0
github.com/jonesrussell/godo/internal/infrastructure/hotkey/manager.go:177.2,177.12 1 0
github.com/jonesrussell/godo/internal/infrastructure/hotkey/manager.go:181.44,184.34 2 0
github.com/jonesrussell/godo/internal/infrastructure/hotkey/manager.go:184.34,185.26 1 0
github.com/jonesrussell/godo/internal/infrastructure/hotkey/manager.go:185.26,186.52 1 0
github.com/jonesrussell/godo/internal/infrastructure/hotkey/manager.go:186.52,189.5 2 0
github.com/jonesrussell/godo/internal/infrastructure/hotkey/manager.go:189.10,191.5 1 0
github.com/jonesrussell/godo/internal/infrastructure/hotkey/manager.go:192.4,192.29 1 0
github.com/jonesrussell/godo/internal/infrastructure/hotkey/manager.go:196.2,196.16 1 0
github.com/jonesrussell/godo/internal/infrastructure/hotkey/manager.go:200.39,201.25 1 0
github.com/jonesrussell/godo/internal/infrastructure/hotkey/manager.go:201.25,203.3 1 0
github.com/jonesrussell/godo/internal/infrastructure/hotkey/manager.go:205.2,205.15 1 0
github.com/jonesrussell/godo/internal/infrastructure/hotkey/manager.go:205.15,207.3 1 0
github.com/jonesrussell/godo/internal/infrastructure/hotkey/manager.go:209.2,213.12 3 0
github.com/jonesrussell/godo/internal/infrastructure/hotkey/manager.go:213.12,214.16 1 0
github.com/jonesrussell/godo/internal/infrastructure/hotkey/manager.go:214.16,217.4 2 0
github.com/jonesrussell/godo/internal/infrastructure/hotkey/manager.go:220.3,221.35 2 0
github.com/jonesrussell/godo/internal/infrastructure/hotkey/manager.go:221.35,222.27 1 0
github.com/jonesrussell/godo/internal/infrastructure/hotkey/manager.go:222.27,224.5 1 0
github.com/jonesrussell/godo/internal/infrastructure/hotkey/manager.go:227.3,227.7 1 0
github.com/jonesrussell/godo/internal/infrastructure/hotkey/manager.go:227.7,228.11 1 0
github.com/jonesrussell/godo/internal/infrastructure/hotkey/manager.go:229.22,230.11 1 0
github.com/jonesrussell/godo/internal/infrastructure/hotkey/manager.go:231.12,233.33 1 0
github.com/jonesrussell/godo/internal/infrastructure/hotkey/manager.go:233.33,234.19 1 0
github.com/jonesrussell/godo/internal/infrastructure/hotkey/manager.go:234.19,235.14 1 0
github.com/jonesrussell/godo/internal/infrastructure/hotkey/manager.go:236.26,241.34 3 0
github.com/jonesrussell/godo/internal/infrastructure/hotkey/manager.go:241.34,243.9 1 0
github.com/jonesrussell/godo/internal/infrastructure/hotkey/manager.go:243.14,243.42 1 0
github.com/jonesrussell/godo/internal/infrastructure/hotkey/manager.go:243.42,245.9 1 0
github.com/jonesrussell/godo/internal/infrastructure/hotkey/manager.go:246.15,246.15 0 0
github.com/jonesrussell/godo/internal/infrastructure/hotkey/manager.go:255.2,255.12 1 0
github.com/jonesrussell/godo/internal/infrastructure/hotkey/manager.go:259.38,260.16 1 0
github.com/jonesrussell/godo/internal/infrastructure/hotkey/manager.go:260.16,262.3 1 0
github.com/jonesrussell/godo/internal/infrastructure/hotkey/manager.go:264.2,267.39 3 0
github.com/jonesrussell/godo/internal/infrastructure/hotkey/manager.go:267.39,269.3 1 0
github.com/jonesrussell/godo/internal/infrastructure/hotkey/manager.go:271.2,271.12 1 0
github.com/jonesrussell/godo/internal/infrastructure/hotkey/manager.go:275.59,276.29 1 0
github.com/jonesrussell/godo/internal/infrastructure/hotkey/manager.go:276.29,277.24 1 0
github.com/jonesrussell/godo/internal/infrastructure/hotkey/manager.go:277.24,279.4 1 0
github.com/jonesrussell/godo/internal/infrastructure/hotkey/manager.go:280.3,280.28 1 0
github.com/jonesrussell/godo/internal/infrastructure/hotkey/manager.go:280.28,282.4 1 0
github.com/jonesrussell/godo/internal/infrastructure/hotkey/manager.go:284.2,284.12 1 0
github.com/jonesrussell/godo/internal/infrastructure/hotkey/manager.go:288.100,296.43 3 0
github.com/jonesrussell/godo/internal/infrastructure/hotkey/manager.go:296.43,297.49 1 0
github.com/jonesrussell/godo/internal/infrastructure/hotkey/manager.go:297.49,299.4 1 0
github.com/jonesrussell/godo/internal/infrastructure/hotkey/manager.go:299.9,301.4 1 0
github.com/jonesrussell/godo/internal/infrastructure/hotkey/manager.go:304.2,304.18 1 0
github.com/jonesrussell/godo/internal/infrastructure/hotkey/manager.go:308.58,309.22 1 0
github.com/jonesrussell/godo/internal/infrastructure/hotkey/manager.go:310.17,311.30 1 0
github.com/jonesrussell/godo/internal/infrastructure/hotkey/manager.go:312.25,313.28 1 0
github.com/jonesrussell/godo/internal/infrastructure/hotkey/manager.go:314.10,316.28 1 0
github.com/jonesrussell/godo/internal/infrastructure/hotkey/manager.go:321.87,346.48 2 0
github.com/jonesrussell/godo/internal/infrastructure/hotkey/manager.go:346.48,348.3 1 0
github.com/jonesrussell/godo/internal/infrastructure/hotkey/manager.go:350.2,350.58 1 0
github.com/jonesrussell/godo/internal/domain/storage/interfaces.go:61.44,75.2 1 0
github.com/jonesrussell/godo/internal/infrastructure/logger/noop.go:11.29,13.2 1 0
github.com/jonesrussell/godo/internal/infrastructure/logger/noop.go:16.57,16.58 0 0
github.com/jonesrussell/godo/internal/infrastructure/logger/noop.go:19.56,19.57 0 0
github.com/jonesrussell/godo/internal/infrastructure/logger/noop.go:22.56,22.57 0 0
github.com/jonesrussell/godo/internal/infrastructure/logger/noop.go:25.57,25.58 0 0
github.com/jonesrussell/godo/internal/infrastructure/logger/noop.go:28.56,30.2 1 0
github.com/jonesrussell/godo/internal/infrastructure/logger/noop.go:33.48,35.2 1 0
github.com/jonesrussell/godo/internal/infrastructure/logger/noop.go:38.64,40.2 1 0
github.com/jonesrussell/godo/internal/infrastructure/logger/noop.go:43.66,45.2 1 0
github.com/jonesrussell/godo/internal/infrastructure/logger/testing.go:16.39,18.2 1 0
github.com/jonesrussell/godo/internal/infrastructure/logger/testing.go:21.70,24.2 2 0
github.com/jonesrussell/godo/internal/infrastructure/logger/testing.go:27.69,30.2 2 0
github.com/jonesrussell/godo/internal/infrastructure/logger/testing.go:33.69,36.2 2 0
github.com/jonesrussell/godo/internal/infrastructure/logger/testing.go:39.70,42.2 2 0
github.com/jonesrussell/godo/internal/infrastructure/logger/testing.go:45.70,48.2 2 0
github.com/jonesrussell/godo/internal/infrastructure/logger/testing.go:51.48,53.2 1 0
github.com/jonesrussell/godo/internal/infrastructure/logger/testing.go:56.64,58.2 1 0
github.com/jonesrussell/godo/internal/infrastructure/logger/testing.go:61.66,63.2 1 0
github.com/jonesrussell/godo/internal/infrastructure/logger/zap.go:29.45,30.19 1 0
github.com/jonesrussell/godo/internal/infrastructure/logger/zap.go:30.19,32.3 1 0
github.com/jonesrussell/godo/internal/infrastructure/logger/zap.go:34.2,35.16 2 0
github.com/jonesrussell/godo/internal/infrastructure/logger/zap.go:35.16,37.3 1 0
github.com/jonesrussell/godo/internal/infrastructure/logger/zap.go:39.2,40.16 2 0
github.com/jonesrussell/godo/internal/infrastructure/logger/zap.go:40.16,42.3 1 0
github.com/jonesrussell/godo/internal/infrastructure/logger/zap.go:44.2,51.8 3 0
github.com/jonesrussell/godo/internal/infrastructure/logger/zap.go:54.109,61.20 5 0
github.com/jonesrussell/godo/internal/infrastructure/logger/zap.go:61.20,69.3 5 0
github.com/jonesrussell/godo/internal/infrastructure/logger/zap.go:72.2,72.42 1 0
github.com/jonesrussell/godo/internal/infrastructure/logger/zap.go:72.42,74.17 2 0
github.com/jonesrussell/godo/internal/infrastructure/logger/zap.go:74.17,76.4 1 0
github.com/jonesrussell/godo/internal/infrastructure/logger/zap.go:78.3,81.48 4 0
github.com/jonesrussell/godo/internal/infrastructure/logger/zap.go:85.2,85.23 1 0
github.com/jonesrussell/godo/internal/infrastructure/logger/zap.go:85.23,91.3 5 0
github.com/jonesrussell/godo/internal/infrastructure/logger/zap.go:93.2,93.56 1 0
github.com/jonesrussell/godo/internal/infrastructure/logger/zap.go:103.60,105.2 1 0
github.com/jonesrussell/godo/internal/infrastructure/logger/zap.go:107.64,112.14 4 0
github.com/jonesrussell/godo/internal/infrastructure/logger/zap.go:112.14,114.3 1 0
github.com/jonesrussell/godo/internal/infrastructure/logger/zap.go:116.2,117.46 2 0
github.com/jonesrussell/godo/internal/infrastructure/logger/zap.go:117.46,123.3 4 0
github.com/jonesrussell/godo/internal/infrastructure/logger/zap.go:124.2,124.15 1 0
github.com/jonesrussell/godo/internal/infrastructure/logger/zap.go:127.42,132.14 4 0
github.com/jonesrussell/godo/internal/infrastructure/logger/zap.go:132.14,134.3 1 0
github.com/jonesrussell/godo/internal/infrastructure/logger/zap.go:137.2,137.60 1 0
github.com/jonesrussell/godo/internal/infrastructure/logger/zap.go:137.60,139.47 2 0
github.com/jonesrussell/godo/internal/infrastructure/logger/zap.go:139.47,145.4 4 0
github.com/jonesrussell/godo/internal/infrastructure/logger/zap.go:146.3,146.13 1 0
github.com/jonesrussell/godo/internal/infrastructure/logger/zap.go:148.2,148.12 1 0
github.com/jonesrussell/godo/internal/infrastructure/logger/zap.go:152.44,153.16 1 0
github.com/jonesrussell/godo/internal/infrastructure/logger/zap.go:153.16,155.3 1 0
github.com/jonesrussell/godo/internal/infrastructure/logger/zap.go:157.2,161.42 2 0
github.com/jonesrussell/godo/internal/infrastructure/logger/zap.go:164.58,166.51 2 0
github.com/jonesrussell/godo/internal/infrastructure/logger/zap.go:166.51,168.3 1 0
github.com/jonesrussell/godo/internal/infrastructure/logger/zap.go:170.2,171.16 2 0
github.com/jonesrussell/godo/internal/infrastructure/logger/zap.go:171.16,173.3 1 0
github.com/jonesrussell/godo/internal/infrastructure/logger/zap.go:175.2,175.21 1 0
github.com/jonesrussell/godo/internal/infrastructure/logger/zap.go:178.96,183.31 3 0
github.com/jonesrussell/godo/internal/infrastructure/logger/zap.go:183.31,186.3 1 0
github.com/jonesrussell/godo/internal/infrastructure/logger/zap.go:189.2,202.40 3 0
github.com/jonesrussell/godo/internal/infrastructure/logger/zap.go:205.57,206.32 1 0
github.com/jonesrussell/godo/internal/infrastructure/logger/zap.go:207.15,208.33 1 0
github.com/jonesrussell/godo/internal/infrastructure/logger/zap.go:209.14,210.32 1 0
github.com/jonesrussell/godo/internal/infrastructure/logger/zap.go:211.25,212.32 1 0
github.com/jonesrussell/godo/internal/infrastructure/logger/zap.go:213.15,214.33 1 0
github.com/jonesrussell/godo/internal/infrastructure/logger/zap.go:215.15,216.33 1 0
github.com/jonesrussell/godo/internal/infrastructure/logger/zap.go:217.15,218.33 1 0
github.com/jonesrussell/godo/internal/infrastructure/logger/zap.go:219.10,220.75 1 0
github.com/jonesrussell/godo/internal/infrastructure/logger/zap.go:224.47,231.31 5 0
github.com/jonesrussell/godo/internal/infrastructure/logger/zap.go:231.31,233.3 1 0
github.com/jonesrussell/godo/internal/infrastructure/logger/zap.go:233.8,235.3 1 0
github.com/jonesrussell/godo/internal/infrastructure/logger/zap.go:237.2,237.22 1 0
github.com/jonesrussell/godo/internal/infrastructure/logger/zap.go:241.69,242.18 1 0
github.com/jonesrussell/godo/internal/infrastructure/logger/zap.go:242.18,244.3 1 0
github.com/jonesrussell/godo/internal/infrastructure/logger/zap.go:245.2,245.33 1 0
github.com/jonesrussell/godo/internal/infrastructure/logger/zap.go:248.68,249.18 1 0
github.com/jonesrussell/godo/internal/infrastructure/logger/zap.go:249.18,251.3 1 0
github.com/jonesrussell/godo/internal/infrastructure/logger/zap.go:252.2,252.32 1 0
github.com/jonesrussell/godo/internal/infrastructure/logger/zap.go:255.68,256.18 1 0
github.com/jonesrussell/godo/internal/infrastructure/logger/zap.go:256.18,258.3 1 0
github.com/jonesrussell/godo/internal/infrastructure/logger/zap.go:259.2,259.32 1 0
github.com/jonesrussell/godo/internal/infrastructure/logger/zap.go:262.69,263.18 1 0
github.com/jonesrussell/godo/internal/infrastructure/logger/zap.go:263.18,265.3 1 0
github.com/jonesrussell/godo/internal/infrastructure/logger/zap.go:266.2,266.33 1 0
github.com/jonesrussell/godo/internal/infrastructure/logger/zap.go:269.69,270.18 1 0
github.com/jonesrussell/godo/internal/infrastructure/logger/zap.go:270.18,272.3 1 0
github.com/jonesrussell/godo/internal/infrastructure/logger/zap.go:273.2,273.33 1 0
github.com/jonesrussell/godo/internal/infrastructure/logger/zap.go:276.49,277.18 1 0
github.com/jonesrussell/godo/internal/infrastructure/logger/zap.go:277.18,279.3 1 0
github.com/jonesrussell/godo/internal/infrastructure/logger/zap.go:280.2,284.3 1 0
github.com/jonesrussell/godo/internal/infrastructure/logger/zap.go:287.69,288.18 1 0
github.com/jonesrussell/godo/internal/infrastructure/logger/zap.go:288.18,290.3 1 0
github.com/jonesrussell/godo/internal/infrastructure/logger/zap.go:291.2,295.3 1 0
github.com/jonesrussell/godo/internal/infrastructure/logger/zap.go:298.70,299.38 1 0
github.com/jonesrussell/godo/internal/infrastructure/logger/zap.go:299.38,301.3 1 0
github.com/jonesrussell/godo/internal/infrastructure/logger/zap.go:303.2,304.27 2 0
github.com/jonesrussell/godo/internal/infrastructure/logger/zap.go:304.27,306.3 1 0
github.com/jonesrussell/godo/internal/infrastructure/logger/zap.go:308.2,312.3 1 0
github.com/jonesrussell/godo/internal/infrastructure/logger/zap.go:316.34,317.18 1 0
github.com/jonesrussell/godo/internal/infrastructure/logger/zap.go:317.18,319.3 1 0
github.com/jonesrussell/godo/internal/infrastructure/logger/zap.go:321.2,321.56 1 0
github.com/jonesrussell/godo/internal/infrastructure/logger/zap.go:321.56,324.47 2 0
github.com/jonesrussell/godo/internal/infrastructure/logger/zap.go:324.47,326.33 1 0
github.com/jonesrussell/godo/internal/infrastructure/logger/zap.go:326.33,328.5 1 0
github.com/jonesrussell/godo/internal/infrastructure/logger/zap.go:330.3,330.13 1 0
github.com/jonesrussell/godo/internal/infrastructure/logger/zap.go:332.2,332.12 1 0
github.com/jonesrussell/godo/internal/infrastructure/logger/zap.go:336.35,340.14 3 0
github.com/jonesrussell/godo/internal/infrastructure/logger/zap.go:340.14,342.3 1 0
github.com/jonesrussell/godo/internal/infrastructure/logger/zap.go:345.2,345.22 1 0
github.com/jonesrussell/godo/internal/infrastructure/logger/zap.go:345.22,346.57 1 0
github.com/jonesrussell/godo/internal/infrastructure/logger/zap.go:346.57,348.4 1 0
github.com/jonesrussell/godo/internal/infrastructure/logger/zap.go:352.2,352.22 1 0
github.com/jonesrussell/godo/internal/infrastructure/logger/zap.go:352.22,353.43 1 0
github.com/jonesrussell/godo/internal/infrastructure/logger/zap.go:353.43,356.4 2 0
github.com/jonesrussell/godo/internal/infrastructure/logger/zap.go:359.2,360.12 2 0
github.com/jonesrussell/godo/internal/infrastructure/logger/zap.go:363.37,367.2 3 0
github.com/jonesrussell/godo/internal/infrastructure/api/handler.go:54.53,62.2 1 0
github.com/jonesrussell/godo/internal/infrastructure/api/handler.go:70.63,74.29 2 0
github.com/jonesrussell/godo/internal/infrastructure/api/handler.go:74.29,76.3 1 0
github.com/jonesrussell/godo/internal/infrastructure/api/handler.go:77.2,77.17 1 0
github.com/jonesrussell/godo/internal/infrastructure/api/middleware.go:23.75,25.44 1 0
github.com/jonesrussell/godo/internal/infrastructure/api/middleware.go:25.44,27.3 1 0
github.com/jonesrussell/godo/internal/infrastructure/api/middleware.go:28.2,28.10 1 0
github.com/jonesrussell/godo/internal/infrastructure/api/middleware.go:32.58,35.54 2 0
github.com/jonesrussell/godo/internal/infrastructure/api/middleware.go:35.54,36.55 1 0
github.com/jonesrussell/godo/internal/infrastructure/api/middleware.go:36.55,38.63 2 0
github.com/jonesrussell/godo/internal/infrastructure/api/middleware.go:38.63,42.5 3 0
github.com/jonesrussell/godo/internal/infrastructure/api/middleware.go:44.4,44.47 1 0
github.com/jonesrussell/godo/internal/infrastructure/api/middleware.go:44.47,46.42 2 0
github.com/jonesrussell/godo/internal/infrastructure/api/middleware.go:46.42,48.43 2 0
github.com/jonesrussell/godo/internal/infrastructure/api/middleware.go:48.43,50.7 1 0
github.com/jonesrussell/godo/internal/infrastructure/api/middleware.go:51.6,52.12 2 0
github.com/jonesrussell/godo/internal/infrastructure/api/middleware.go:54.5,55.11 2 0
github.com/jonesrussell/godo/internal/infrastructure/api/middleware.go:59.4,61.31 3 0
github.com/jonesrussell/godo/internal/infrastructure/api/middleware.go:67.48,68.54 1 0
github.com/jonesrussell/godo/internal/infrastructure/api/middleware.go:68.54,69.55 1 0
github.com/jonesrussell/godo/internal/infrastructure/api/middleware.go:69.55,76.4 2 0
github.com/jonesrussell/godo/internal/infrastructure/api/middleware.go:81.54,82.54 1 0
github.com/jonesrussell/godo/internal/infrastructure/api/middleware.go:82.54,83.55 1 0
github.com/jonesrussell/godo/internal/infrastructure/api/middleware.go:83.55,84.17 1 0
github.com/jonesrussell/godo/internal/infrastructure/api/middleware.go:84.17,85.37 1 0
github.com/jonesrussell/godo/internal/infrastructure/api/middleware.go:85.37,92.29 5 0
github.com/jonesrussell/godo/internal/infrastructure/api/middleware.go:93.17,94.46 1 0
github.com/jonesrussell/godo/internal/infrastructure/api/middleware.go:94.46,98.8 3 0
github.com/jonesrussell/godo/internal/infrastructure/api/middleware.go:98.13,102.8 3 0
github.com/jonesrussell/godo/internal/infrastructure/api/middleware.go:103.14,106.35 3 0
github.com/jonesrussell/godo/internal/infrastructure/api/middleware.go:109.6,109.38 1 0
github.com/jonesrussell/godo/internal/infrastructure/api/middleware.go:112.4,112.14 1 0
github.com/jonesrussell/godo/internal/infrastructure/api/middleware.go:118.58,121.53 3 0
github.com/jonesrussell/godo/internal/infrastructure/api/middleware.go:121.53,123.3 1 0
github.com/jonesrussell/godo/internal/infrastructure/api/middleware.go:127.74,133.2 2 0
github.com/jonesrussell/godo/internal/infrastructure/api/middleware.go:136.76,143.2 2 0
github.com/jonesrussell/godo/internal/infrastructure/api/middleware.go:146.58,147.9 1 0
github.com/jonesrussell/godo/internal/infrastructure/api/middleware.go:148.45,149.60 1 0
github.com/jonesrussell/godo/internal/infrastructure/api/middleware.go:150.44,151.68 1 0
github.com/jonesrussell/godo/internal/infrastructure/api/middleware.go:152.10,153.77 1 0
github.com/jonesrussell/godo/internal/infrastructure/api/middleware.go:164.51,168.2 3 0
github.com/jonesrussell/godo/internal/infrastructure/api/middleware.go:171.48,175.2 3 0
github.com/jonesrussell/godo/internal/infrastructure/api/middleware.go:178.66,179.54 1 0
github.com/jonesrussell/godo/internal/infrastructure/api/middleware.go:179.54,180.55 1 0
github.com/jonesrussell/godo/internal/infrastructure/api/middleware.go:180.55,182.23 1 0
github.com/jonesrussell/godo/internal/infrastructure/api/middleware.go:182.23,186.5 3 0
github.com/jonesrussell/godo/internal/infrastructure/api/middleware.go:189.4,190.24 2 0
github.com/jonesrussell/godo/internal/infrastructure/api/middleware.go:190.24,193.5 2 0
github.com/jonesrussell/godo/internal/infrastructure/api/middleware.go:196.4,197.47 2 0
github.com/jonesrussell/godo/internal/infrastructure/api/middleware.go:197.47,200.5 2 0
github.com/jonesrussell/godo/internal/infrastructure/api/middleware.go:202.4,205.85 2 0
github.com/jonesrussell/godo/internal/infrastructure/api/middleware.go:205.85,207.60 1 0
github.com/jonesrussell/godo/internal/infrastructure/api/middleware.go:207.60,209.6 1 0
github.com/jonesrussell/godo/internal/infrastructure/api/middleware.go:210.5,210.34 1 0
github.com/jonesrussell/godo/internal/infrastructure/api/middleware.go:212.4,212.18 1 0
github.com/jonesrussell/godo/internal/infrastructure/api/middleware.go:212.18,216.5 3 0
github.com/jonesrussell/godo/internal/infrastructure/api/middleware.go:219.4,219.69 1 0
github.com/jonesrussell/godo/internal/infrastructure/api/middleware.go:219.69,222.16 2 0
github.com/jonesrussell/godo/internal/infrastructure/api/middleware.go:222.16,225.6 2 0
github.com/jonesrussell/godo/internal/infrastructure/api/middleware.go:227.5,228.16 2 0
github.com/jonesrussell/godo/internal/infrastructure/api/middleware.go:228.16,231.6 2 0
github.com/jonesrussell/godo/internal/infrastructure/api/middleware.go:234.5,235.32 2 0
github.com/jonesrussell/godo/internal/infrastructure/api/middleware.go:236.10,239.5 2 0
github.com/jonesrussell/godo/internal/infrastructure/api/middleware.go:245.74,246.54 1 0
github.com/jonesrussell/godo/internal/infrastructure/api/middleware.go:246.54,247.55 1 0
github.com/jonesrussell/godo/internal/infrastructure/api/middleware.go:247.55,249.24 2 0
github.com/jonesrussell/godo/internal/infrastructure/api/middleware.go:249.24,253.5 2 0
github.com/jonesrussell/godo/internal/infrastructure/api/middleware.go:256.4,257.33 2 0
github.com/jonesrussell/godo/internal/infrastructure/api/runner.go:28.11,36.2 1 0
github.com/jonesrussell/godo/internal/infrastructure/api/runner.go:39.34,40.12 1 0
github.com/jonesrussell/godo/internal/infrastructure/api/runner.go:40.12,44.58 3 0
github.com/jonesrussell/godo/internal/infrastructure/api/runner.go:44.58,50.4 2 0
github.com/jonesrussell/godo/internal/infrastructure/api/runner.go:52.3,52.39 1 0
github.com/jonesrussell/godo/internal/infrastructure/api/runner.go:56.2,56.12 1 0
github.com/jonesrussell/godo/internal/infrastructure/api/runner.go:56.12,59.3 2 0
github.com/jonesrussell/godo/internal/infrastructure/api/runner.go:63.59,64.9 1 0
github.com/jonesrussell/godo/internal/infrastructure/api/runner.go:65.17,66.14 1 0
github.com/jonesrussell/godo/internal/infrastructure/api/runner.go:67.29,68.15 1 0
github.com/jonesrussell/godo/internal/infrastructure/api/runner.go:73.54,77.9 2 0
github.com/jonesrussell/godo/internal/infrastructure/api/runner.go:78.20,79.45 1 0
github.com/jonesrussell/godo/internal/infrastructure/api/runner.go:80.20,81.43 1 0
github.com/jonesrussell/godo/internal/infrastructure/api/runner.go:84.2,84.12 1 0
github.com/jonesrussell/godo/internal/infrastructure/api/server.go:27.38,34.2 1 0
github.com/jonesrussell/godo/internal/infrastructure/api/server.go:46.94,55.2 3 0
github.com/jonesrussell/godo/internal/infrastructure/api/server.go:58.68,60.2 1 0
github.com/jonesrussell/godo/internal/infrastructure/api/server.go:63.27,111.2 8 0
github.com/jonesrussell/godo/internal/infrastructure/api/server.go:113.74,115.16 2 0
github.com/jonesrussell/godo/internal/infrastructure/api/server.go:115.16,119.3 3 0
github.com/jonesrussell/godo/internal/infrastructure/api/server.go:122.2,123.29 2 0
github.com/jonesrussell/godo/internal/infrastructure/api/server.go:123.29,125.3 1 0
github.com/jonesrussell/godo/internal/infrastructure/api/server.go:127.2,127.62 1 0
github.com/jonesrussell/godo/internal/infrastructure/api/server.go:130.75,132.9 2 0
github.com/jonesrussell/godo/internal/infrastructure/api/server.go:132.9,135.3 2 0
github.com/jonesrussell/godo/internal/infrastructure/api/server.go:137.2,138.16 2 0
github.com/jonesrussell/godo/internal/infrastructure/api/server.go:138.16,142.3 3 0
github.com/jonesrussell/godo/internal/infrastructure/api/server.go:144.2,144.57 1 0
github.com/jonesrussell/godo/internal/infrastructure/api/server.go:147.72,152.16 4 0
github.com/jonesrussell/godo/internal/infrastructure/api/server.go:152.16,156.3 3 0
github.com/jonesrussell/godo/internal/infrastructure/api/server.go:158.2,158.52 1 0
github.com/jonesrussell/godo/internal/infrastructure/api/server.go:161.75,166.9 4 0
github.com/jonesrussell/godo/internal/infrastructure/api/server.go:166.9,169.3 2 0
github.com/jonesrussell/godo/internal/infrastructure/api/server.go:171.2,177.16 3 0
github.com/jonesrussell/godo/internal/infrastructure/api/server.go:177.16,181.3 3 0
github.com/jonesrussell/godo/internal/infrastructure/api/server.go:183.2,183.52 1 0
github.com/jonesrussell/godo/internal/infrastructure/api/server.go:186.74,191.9 4 0
github.com/jonesrussell/godo/internal/infrastructure/api/server.go:191.9,194.3 2 0
github.com/jonesrussell/godo/internal/infrastructure/api/server.go:196.2,202.16 3 0
github.com/jonesrussell/godo/internal/infrastructure/api/server.go:202.16,206.3 3 0
github.com/jonesrussell/godo/internal/infrastructure/api/server.go:208.2,208.52 1 0
github.com/jonesrussell/godo/internal/infrastructure/api/server.go:211.75,215.62 3 0
github.com/jonesrussell/godo/internal/infrastructure/api/server.go:215.62,219.3 3 0
github.com/jonesrussell/godo/internal/infrastructure/api/server.go:221.2,221.41 1 0
github.com/jonesrussell/godo/internal/infrastructure/api/server.go:224.71,230.2 2 0
github.com/jonesrussell/godo/internal/infrastructure/api/server.go:233.40,246.47 4 0
github.com/jonesrussell/godo/internal/infrastructure/api/server.go:246.47,248.62 1 0
github.com/jonesrussell/godo/internal/infrastructure/api/server.go:248.62,252.4 1 0
github.com/jonesrussell/godo/internal/infrastructure/api/server.go:253.3,253.60 1 0
github.com/jonesrussell/godo/internal/infrastructure/api/server.go:256.2,256.12 1 0
github.com/jonesrussell/godo/internal/infrastructure/api/server.go:260.54,261.18 1 0
github.com/jonesrussell/godo/internal/infrastructure/api/server.go:261.18,264.3 2 0
github.com/jonesrussell/godo/internal/infrastructure/api/server.go:265.2,265.12 1 0
github.com/jonesrussell/godo/internal/application/container/container.go:19.32,21.16 2 0
github.com/jonesrussell/godo/internal/application/container/container.go:21.16,23.3 1 0
github.com/jonesrussell/godo/internal/application/container/container.go:24.2,24.15 1 0
github.com/jonesrussell/godo/internal/application/container/container.go:24.15,25.17 1 0
github.com/jonesrussell/godo/internal/application/container/container.go:25.17,27.4 1 0
github.com/jonesrussell/godo/internal/application/container/container.go:31.2,32.9 2 0
github.com/jonesrussell/godo/internal/application/container/container.go:32.9,35.3 2 0
github.com/jonesrussell/godo/internal/application/container/container.go:36.2,40.8 1 0
github.com/jonesrussell/godo/internal/application/container/wire.go:80.56,87.2 2 0
github.com/jonesrussell/godo/internal/application/container/wire.go:90.46,100.50 5 0
github.com/jonesrussell/godo/internal/application/container/wire.go:100.50,103.3 2 0
github.com/jonesrussell/godo/internal/application/container/wire.go:106.2,108.41 2 0
github.com/jonesrussell/godo/internal/application/container/wire.go:108.41,110.54 1 0
github.com/jonesrussell/godo/internal/application/container/wire.go:110.54,113.4 1 0
github.com/jonesrussell/godo/internal/application/container/wire.go:113.9,115.4 1 0
github.com/jonesrussell/godo/internal/application/container/wire.go:116.8,119.3 1 0
github.com/jonesrussell/godo/internal/application/container/wire.go:121.2,121.17 1 0
github.com/jonesrussell/godo/internal/application/container/wire.go:125.71,126.16 1 0
github.com/jonesrussell/godo/internal/application/container/wire.go:126.16,128.3 1 0
github.com/jonesrussell/godo/internal/application/container/wire.go:130.2,138.16 3 0
github.com/jonesrussell/godo/internal/application/container/wire.go:138.16,140.3 1 0
github.com/jonesrussell/godo/internal/application/container/wire.go:142.2,142.20 1 0
github.com/jonesrussell/godo/internal/application/container/wire.go:142.20,143.51 1 0
github.com/jonesrussell/godo/internal/application/container/wire.go:143.51,145.43 1 0
github.com/jonesrussell/godo/internal/application/container/wire.go:145.43,147.5 1 0
github.com/jonesrussell/godo/internal/application/container/wire.go:151.2,151.26 1 0
github.com/jonesrussell/godo/internal/application/container/wire.go:155.117,156.16 1 0
github.com/jonesrussell/godo/internal/application/container/wire.go:156.16,158.3 1 0
github.com/jonesrussell/godo/internal/application/container/wire.go:159.2,159.16 1 0
github.com/jonesrussell/godo/internal/application/container/wire.go:159.16,161.3 1 0
github.com/jonesrussell/godo/internal/application/container/wire.go:164.2,179.28 2 0
github.com/jonesrussell/godo/internal/application/container/wire.go:179.28,183.3 3 0
github.com/jonesrussell/godo/internal/application/container/wire.go:185.2,187.16 3 0
github.com/jonesrussell/godo/internal/application/container/wire.go:187.16,189.3 1 0
github.com/jonesrussell/godo/internal/application/container/wire.go:191.2,191.20 1 0
github.com/jonesrussell/godo/internal/application/container/wire.go:191.20,192.39 1 0
github.com/jonesrussell/godo/internal/application/container/wire.go:192.39,194.4 1 0
github.com/jonesrussell/godo/internal/application/container/wire.go:197.2,197.28 1 0
github.com/jonesrussell/godo/internal/application/container/wire.go:201.103,203.2 1 0
github.com/jonesrussell/godo/internal/application/container/wire.go:206.105,208.2 1 0
github.com/jonesrussell/godo/internal/application/container/wire.go:211.96,213.2 1 0
github.com/jonesrussell/godo/internal/application/container/wire.go:216.50,220.2 3 0
github.com/jonesrussell/godo/internal/application/container/wire.go:228.22,230.2 1 0
github.com/jonesrussell/godo/internal/application/container/wire.go:238.21,240.2 1 0
github.com/jonesrussell/godo/internal/infrastructure/storage/adapter.go:17.91,21.2 1 0
github.com/jonesrussell/godo/internal/infrastructure/storage/adapter.go:24.77,26.16 2 0
github.com/jonesrussell/godo/internal/infrastructure/storage/adapter.go:26.16,28.3 1 0
github.com/jonesrussell/godo/internal/infrastructure/storage/adapter.go:30.2,33.12 4 0
github.com/jonesrussell/godo/internal/infrastructure/storage/adapter.go:37.88,39.16 2 0
github.com/jonesrussell/godo/internal/infrastructure/storage/adapter.go:39.16,41.3 1 0
github.com/jonesrussell/godo/internal/infrastructure/storage/adapter.go:42.2,42.19 1 0
github.com/jonesrussell/godo/internal/infrastructure/storage/adapter.go:46.80,48.16 2 0
github.com/jonesrussell/godo/internal/infrastructure/storage/adapter.go:48.16,50.3 1 0
github.com/jonesrussell/godo/internal/infrastructure/storage/adapter.go:52.2,53.12 2 0
github.com/jonesrussell/godo/internal/infrastructure/storage/adapter.go:57.73,59.2 1 0
github.com/jonesrussell/godo/internal/infrastructure/storage/adapter.go:62.76,64.16 2 0
github.com/jonesrussell/godo/internal/infrastructure/storage/adapter.go:64.16,66.3 1 0
github.com/jonesrussell/godo/internal/infrastructure/storage/adapter.go:68.2,69.29 2 0
github.com/jonesrussell/godo/internal/infrastructure/storage/adapter.go:69.29,71.3 1 0
github.com/jonesrussell/godo/internal/infrastructure/storage/adapter.go:73.2,73.20 1 0
github.com/jonesrussell/godo/internal/infrastructure/storage/adapter.go:77.42,79.2 1 0
github.com/jonesrussell/godo/internal/infrastructure/storage/errors.go:29.40,31.2 1 0
github.com/jonesrussell/godo/internal/infrastructure/storage/errors.go:34.47,36.2 1 0
github.com/jonesrussell/godo/internal/infrastructure/storage/errors.go:44.42,45.23 1 0
github.com/jonesrussell/godo/internal/infrastructure/storage/errors.go:45.23,47.3 1 0
github.com/jonesrussell/godo/internal/infrastructure/storage/errors.go:48.2,48.55 1 0
github.com/jonesrussell/godo/internal/infrastructure/storage/store.go:77.42,78.18 1 0
github.com/jonesrussell/godo/internal/infrastructure/storage/store.go:78.18,80.3 1 0
github.com/jonesrussell/godo/internal/infrastructure/storage/store.go:81.2,81.72 1 0
github.com/jonesrussell/godo/internal/infrastructure/storage/store.go:91.43,92.18 1 0
github.com/jonesrussell/godo/internal/infrastructure/storage/store.go:92.18,94.3 1 0
github.com/jonesrussell/godo/internal/infrastructure/storage/store.go:95.2,95.73 1 0
github.com/jonesrussell/godo/internal/config/config.go:149.44,165.41 9 0
github.com/jonesrussell/godo/internal/config/config.go:165.41,167.3 1 0
github.com/jonesrussell/godo/internal/config/config.go:167.8,169.3 1 0
github.com/jonesrussell/godo/internal/config/config.go:172.2,172.54 1 0
github.com/jonesrussell/godo/internal/config/config.go:172.54,174.3 1 0
github.com/jonesrussell/godo/internal/config/config.go:176.2,184.41 3 0
github.com/jonesrussell/godo/internal/config/config.go:184.41,187.3 2 0
github.com/jonesrussell/godo/internal/config/config.go:189.2,196.44 2 0
github.com/jonesrussell/godo/internal/config/config.go:196.44,199.3 2 0
github.com/jonesrussell/godo/internal/config/config.go:200.2,202.44 2 0
github.com/jonesrussell/godo/internal/config/config.go:202.44,205.3 2 0
github.com/jonesrussell/godo/internal/config/config.go:207.2,211.17 2 0
github.com/jonesrussell/godo/internal/config/config.go:215.61,231.2 15 0
github.com/jonesrussell/godo/internal/config/config.go:234.56,237.31 3 0
github.com/jonesrussell/godo/internal/config/config.go:237.31,240.3 2 0
github.com/jonesrussell/godo/internal/config/config.go:244.67,264.34 2 0
github.com/jonesrussell/godo/internal/config/config.go:264.34,265.43 1 0
github.com/jonesrussell/godo/internal/config/config.go:265.43,267.4 1 0
github.com/jonesrussell/godo/internal/config/config.go:268.3,268.45 1 0
github.com/jonesrussell/godo/internal/config/config.go:268.45,271.83 2 0
github.com/jonesrussell/godo/internal/config/config.go:271.83,279.32 7 0
github.com/jonesrussell/godo/internal/config/config.go:279.32,282.6 2 0
github.com/jonesrussell/godo/internal/config/config.go:283.5,284.24 2 0
github.com/jonesrussell/godo/internal/config/config.go:288.2,288.12 1 0
github.com/jonesrussell/godo/internal/config/config.go:292.52,294.43 1 0
github.com/jonesrussell/godo/internal/config/config.go:294.43,296.3 1 0
github.com/jonesrussell/godo/internal/config/config.go:299.2,308.40 5 0
github.com/jonesrussell/godo/internal/config/config.go:308.40,310.17 2 0
github.com/jonesrussell/godo/internal/config/config.go:310.17,312.4 1 0
github.com/jonesrussell/godo/internal/config/config.go:313.3,314.78 2 0
github.com/jonesrussell/godo/internal/config/config.go:316.2,316.12 1 0
github.com/jonesrussell/godo/internal/config/config.go:320.40,323.24 2 0
github.com/jonesrussell/godo/internal/config/config.go:323.24,325.3 1 0
github.com/jonesrussell/godo/internal/config/config.go:327.2,327.40 1 0
github.com/jonesrussell/godo/internal/config/config.go:327.40,329.3 1 0
github.com/jonesrussell/godo/internal/config/config.go:331.2,331.34 1 0
github.com/jonesrussell/godo/internal/config/config.go:331.34,333.3 1 0
github.com/jonesrussell/godo/internal/config/config.go:334.2,334.35 1 0
github.com/jonesrussell/godo/internal/config/config.go:334.35,336.3 1 0
github.com/jonesrussell/godo/internal/config/config.go:338.2,338.31 1 0
github.com/jonesrussell/godo/internal/config/config.go:338.31,343.3 1 0
github.com/jonesrussell/godo/internal/config/config.go:345.2,345.12 1 0
github.com/jonesrussell/godo/internal/config/config.go:348.41,356.2 2 0
github.com/jonesrussell/godo/internal/config/config.go:359.33,411.2 1 0
github.com/jonesrussell/godo/internal/config/config.go:419.32,421.2 1 0
github.com/jonesrussell/godo/internal/config/config.go:423.32,425.2 1 0
github.com/jonesrussell/godo/internal/config/config.go:433.42,435.2 1 0
github.com/jonesrussell/godo/internal/config/validation.go:10.57,11.23 1 0
github.com/jonesrussell/godo/internal/config/validation.go:11.23,13.3 1 0
github.com/jonesrussell/godo/internal/config/validation.go:16.2,16.40 1 0
github.com/jonesrussell/godo/internal/config/validation.go:16.40,17.28 1 0
github.com/jonesrussell/godo/internal/config/validation.go:17.28,19.4 1 0
github.com/jonesrussell/godo/internal/config/validation.go:23.2,23.30 1 0
github.com/jonesrussell/godo/internal/config/validation.go:23.30,25.3 1 0
github.com/jonesrussell/godo/internal/config/validation.go:27.2,27.12 1 0
github.com/jonesrussell/godo/internal/config/validation.go:31.39,39.2 2 0
github.com/jonesrussell/godo/internal/config/validation.go:42.34,44.15 1 0
github.com/jonesrussell/godo/internal/config/validation.go:44.15,46.3 1 0
github.com/jonesrussell/godo/internal/config/validation.go:49.2,49.19 1 0
github.com/jonesrussell/godo/internal/config/validation.go:49.19,51.3 1 0
github.com/jonesrussell/godo/internal/config/validation.go:54.2,54.50 1 0
github.com/jonesrussell/godo/internal/config/validation.go:54.50,56.3 1 0
github.com/jonesrussell/godo/internal/config/validation.go:59.2,71.25 2 0
github.com/jonesrussell/godo/internal/config/validation.go:75.48,76.40 1 0
github.com/jonesrussell/godo/internal/config/validation.go:76.40,78.3 1 0
github.com/jonesrussell/godo/internal/config/validation.go:80.2,80.26 1 0
github.com/jonesrussell/godo/internal/config/validation.go:80.26,82.3 1 0
github.com/jonesrussell/godo/internal/config/validation.go:84.2,84.27 1 0
github.com/jonesrussell/godo/internal/config/validation.go:84.27,86.3 1 0
github.com/jonesrussell/godo/internal/config/validation.go:88.2,88.32 1 0
github.com/jonesrussell/godo/internal/config/validation.go:88.32,90.3 1 0
github.com/jonesrussell/godo/internal/config/validation.go:92.2,92.26 1 0
github.com/jonesrussell/godo/internal/config/validation.go:92.26,94.3 1 0
github.com/jonesrussell/godo/internal/config/validation.go:96.2,96.12 1 0
github.com/jonesrussell/godo/internal/config/validation.go:100.42,101.31 1 0
github.com/jonesrussell/godo/internal/config/validation.go:101.31,103.3 1 0
github.com/jonesrussell/godo/internal/config/validation.go:105.2,105.32 1 0
github.com/jonesrussell/godo/internal/config/validation.go:105.32,107.3 1 0
github.com/jonesrussell/godo/internal/config/validation.go:109.2,109.29 1 0
github.com/jonesrussell/godo/internal/config/validation.go:109.29,111.3 1 0
github.com/jonesrussell/godo/internal/config/validation.go:113.2,113.30 1 0
github.com/jonesrussell/godo/internal/config/validation.go:113.30,115.3 1 0
github.com/jonesrussell/godo/internal/config/validation.go:117.2,117.12 1 0
github.com/jonesrussell/godo/internal/infrastructure/platform/wsl.go:18.20,19.23 1 0
github.com/jonesrussell/godo/internal/infrastructure/platform/wsl.go:19.23,21.3 1 0
github.com/jonesrussell/godo/internal/infrastructure/platform/wsl.go:22.2,22.15 1 0
github.com/jonesrussell/godo/internal/infrastructure/platform/wsl.go:26.33,28.30 2 0
github.com/jonesrussell/godo/internal/infrastructure/platform/wsl.go:28.30,29.63 1 0
github.com/jonesrussell/godo/internal/infrastructure/platform/wsl.go:29.63,31.4 1 0
github.com/jonesrussell/godo/internal/infrastructure/platform/wsl.go:33.2,33.14 1 0
github.com/jonesrussell/godo/internal/infrastructure/platform/wsl.go:37.32,39.16 2 0
github.com/jonesrussell/godo/internal/infrastructure/platform/wsl.go:39.16,42.3 1 0
github.com/jonesrussell/godo/internal/infrastructure/platform/wsl.go:43.2,43.69 1 0
github.com/jonesrussell/godo/internal/infrastructure/platform/wsl.go:47.24,48.22 1 0
github.com/jonesrussell/godo/internal/infrastructure/platform/wsl.go:49.17,56.48 2 0
github.com/jonesrussell/godo/internal/infrastructure/platform/wsl.go:56.48,57.34 1 0
github.com/jonesrussell/godo/internal/infrastructure/platform/wsl.go:57.34,59.5 1 0
github.com/jonesrussell/godo/internal/infrastructure/platform/wsl.go:62.3,62.75 1 0
github.com/jonesrussell/godo/internal/infrastructure/platform/wsl.go:62.75,64.4 1 0
github.com/jonesrussell/godo/internal/infrastructure/platform/wsl.go:65.3,65.15 1 0
github.com/jonesrussell/godo/internal/infrastructure/platform/wsl.go:66.15,69.23 2 0
github.com/jonesrussell/godo/internal/infrastructure/platform/wsl.go:70.16,72.15 1 0
github.com/jonesrussell/godo/internal/infrastructure/platform/wsl.go:73.10,75.14 1 0
github.com/jonesrussell/godo/internal/infrastructure/platform/wsl.go:80.25,82.2 1 0
github.com/jonesrussell/godo/main.go:15.13,18.16 2 0
github.com/jonesrussell/godo/main.go:18.16,21.3 2 0
github.com/jonesrussell/godo/main.go:24.2,24.15 1 0
github.com/jonesrussell/godo/main.go:24.15,25.31 1 0
github.com/jonesrussell/godo/main.go:25.31,29.4 3 0
github.com/jonesrussell/godo/main.go:33.2,40.12 4 0
github.com/jonesrussell/godo/main.go:40.12,48.43 4 0
github.com/jonesrussell/godo/main.go:48.43,50.4 1 0
github.com/jonesrussell/godo/main.go:53.3,56.13 2 0
github.com/jonesrussell/godo/main.go:56.13,58.29 2 0
github.com/jonesrussell/godo/main.go:58.29,60.5 1 0
github.com/jonesrussell/godo/main.go:61.4,63.14 3 0
github.com/jonesrussell/godo/main.go:69.2,69.15 1 0
github.com/jonesrussell/godo/main.go:69.15,70.31 1 0
github.com/jonesrussell/godo/main.go:70.31,74.4 3 0
github.com/jonesrussell/godo/main.go:77.2,80.11 2 0
github.com/jonesrussell/godo/internal/infrastructure/gui/mainwindow/main.go:55.101,68.2 4 0
github.com/jonesrussell/godo/internal/infrastructure/gui/mainwindow/main.go:71.25,72.17 1 0
github.com/jonesrussell/godo/internal/infrastructure/gui/mainwindow/main.go:72.17,74.3 1 0
github.com/jonesrussell/godo/internal/infrastructure/gui/mainwindow/main.go:78.25,79.17 1 0
github.com/jonesrussell/godo/internal/infrastructure/gui/mainwindow/main.go:79.17,81.3 1 0
github.com/jonesrussell/godo/internal/infrastructure/gui/mainwindow/main.go:85.42,87.2 1 0
github.com/jonesrussell/godo/internal/infrastructure/gui/mainwindow/main.go:90.56,91.17 1 0
github.com/jonesrussell/godo/internal/infrastructure/gui/mainwindow/main.go:91.17,93.3 1 0
github.com/jonesrussell/godo/internal/infrastructure/gui/mainwindow/main.go:97.28,102.2 4 0
github.com/jonesrussell/godo/internal/infrastructure/gui/mainwindow/main.go:105.35,107.14 1 0
github.com/jonesrussell/godo/internal/infrastructure/gui/mainwindow/main.go:107.14,107.37 1 0
github.com/jonesrussell/godo/internal/infrastructure/gui/mainwindow/main.go:108.28,116.4 1 0
github.com/jonesrussell/godo/internal/infrastructure/gui/mainwindow/main.go:117.53,119.4 1 0
github.com/jonesrussell/godo/internal/infrastructure/gui/mainwindow/main.go:124.82,126.9 2 0
github.com/jonesrussell/godo/internal/infrastructure/gui/mainwindow/main.go:126.9,129.3 2 0
github.com/jonesrussell/godo/internal/infrastructure/gui/mainwindow/main.go:131.2,131.24 1 0
github.com/jonesrussell/godo/internal/infrastructure/gui/mainwindow/main.go:131.24,133.3 1 0
github.com/jonesrussell/godo/internal/infrastructure/gui/mainwindow/main.go:134.2,137.63 2 0
github.com/jonesrussell/godo/internal/infrastructure/gui/mainwindow/main.go:137.63,139.40 2 0
github.com/jonesrussell/godo/internal/infrastructure/gui/mainwindow/main.go:139.40,141.4 1 0
github.com/jonesrussell/godo/internal/infrastructure/gui/mainwindow/main.go:145.2,145.63 1 0
github.com/jonesrussell/godo/internal/infrastructure/gui/mainwindow/main.go:145.63,147.3 1 0
github.com/jonesrussell/godo/internal/infrastructure/gui/mainwindow/main.go:150.2,150.64 1 0
github.com/jonesrussell/godo/internal/infrastructure/gui/mainwindow/main.go:150.64,151.29 1 0
github.com/jonesrussell/godo/internal/infrastructure/gui/mainwindow/main.go:151.29,153.4 1 0
github.com/jonesrussell/godo/internal/infrastructure/gui/mainwindow/main.go:157.2,157.70 1 0
github.com/jonesrussell/godo/internal/infrastructure/gui/mainwindow/main.go:157.70,158.31 1 0
github.com/jonesrussell/godo/internal/infrastructure/gui/mainwindow/main.go:158.31,160.4 1 0
github.com/jonesrussell/godo/internal/infrastructure/gui/mainwindow/main.go:165.34,184.2 6 0
github.com/jonesrussell/godo/internal/infrastructure/gui/mainwindow/main.go:187.36,190.2 2 0
github.com/jonesrussell/godo/internal/infrastructure/gui/mainwindow/main.go:193.37,194.17 1 0
github.com/jonesrussell/godo/internal/infrastructure/gui/mainwindow/main.go:194.17,206.3 3 0
github.com/jonesrussell/godo/internal/infrastructure/gui/mainwindow/main.go:210.30,213.16 3 0
github.com/jonesrussell/godo/internal/infrastructure/gui/mainwindow/main.go:213.16,217.3 3 0
github.com/jonesrussell/godo/internal/infrastructure/gui/mainwindow/main.go:219.2,222.49 4 0
github.com/jonesrussell/godo/internal/infrastructure/gui/mainwindow/main.go:226.28,237.22 3 0
github.com/jonesrussell/godo/internal/infrastructure/gui/mainwindow/main.go:237.22,238.38 1 0
github.com/jonesrussell/godo/internal/infrastructure/gui/mainwindow/main.go:238.38,240.5 1 0
github.com/jonesrussell/godo/internal/infrastructure/gui/mainwindow/main.go:242.4,251.50 3 0
github.com/jonesrussell/godo/internal/infrastructure/gui/mainwindow/main.go:251.50,255.5 3 0
github.com/jonesrussell/godo/internal/infrastructure/gui/mainwindow/main.go:257.4,258.50 2 0
github.com/jonesrussell/godo/internal/infrastructure/gui/mainwindow/main.go:263.2,264.13 2 0
github.com/jonesrussell/godo/internal/infrastructure/gui/mainwindow/main.go:268.62,269.24 1 0
github.com/jonesrussell/godo/internal/infrastructure/gui/mainwindow/main.go:269.24,271.3 1 0
github.com/jonesrussell/godo/internal/infrastructure/gui/mainwindow/main.go:273.2,278.51 5 0
github.com/jonesrussell/godo/internal/infrastructure/gui/mainwindow/main.go:278.51,282.3 3 0
github.com/jonesrussell/godo/internal/infrastructure/gui/mainwindow/main.go:284.2,286.37 3 0
github.com/jonesrussell/godo/internal/infrastructure/gui/mainwindow/main.go:290.49,291.24 1 0
github.com/jonesrussell/godo/internal/infrastructure/gui/mainwindow/main.go:291.24,293.3 1 0
github.com/jonesrussell/godo/internal/infrastructure/gui/mainwindow/main.go:295.2,306.22 4 0
github.com/jonesrussell/godo/internal/infrastructure/gui/mainwindow/main.go:306.22,307.38 1 0
github.com/jonesrussell/godo/internal/infrastructure/gui/mainwindow/main.go:307.38,309.5 1 0
github.com/jonesrussell/godo/internal/infrastructure/gui/mainwindow/main.go:311.4,315.53 4 0
github.com/jonesrussell/godo/internal/infrastructure/gui/mainwindow/main.go:315.53,319.5 3 0
github.com/jonesrussell/godo/internal/infrastructure/gui/mainwindow/main.go:321.4,323.39 3 0
github.com/jonesrussell/godo/internal/infrastructure/gui/mainwindow/main.go:328.2,329.13 2 0
github.com/jonesrussell/godo/internal/infrastructure/gui/mainwindow/main.go:333.51,334.24 1 0
github.com/jonesrussell/godo/internal/infrastructure/gui/mainwindow/main.go:334.24,336.3 1 0
github.com/jonesrussell/godo/internal/infrastructure/gui/mainwindow/main.go:338.2,343.22 2 0
github.com/jonesrussell/godo/internal/infrastructure/gui/mainwindow/main.go:343.22,344.16 1 0
github.com/jonesrussell/godo/internal/infrastructure/gui/mainwindow/main.go:344.16,346.5 1 0
github.com/jonesrussell/godo/internal/infrastructure/gui/mainwindow/main.go:348.4,349.55 2 0
github.com/jonesrussell/godo/internal/infrastructure/gui/mainwindow/main.go:349.55,353.5 3 0
github.com/jonesrussell/godo/internal/infrastructure/gui/mainwindow/main.go:355.4,356.39 2 0
github.com/jonesrussell/godo/internal/infrastructure/gui/mainwindow/main.go:361.2,361.16 1 0
github.com/jonesrussell/godo/internal/infrastructure/gui/mainwindow/main.go:365.49,369.2 1 0
github.com/jonesrussell/godo/internal/infrastructure/gui/mainwindow/main.go:372.59,373.17 1 0
github.com/jonesrussell/godo/internal/infrastructure/gui/mainwindow/main.go:373.17,377.14 3 0
github.com/jonesrussell/godo/internal/infrastructure/gui/mainwindow/main.go:377.14,379.4 1 0
github.com/jonesrussell/godo/internal/infrastructure/gui/mainwindow/main.go:379.9,381.4 1 0
github.com/jonesrussell/godo/internal/infrastructure/gui/mainwindow/main.go:385.2,385.12 1 0
github.com/jonesrussell/godo/internal/infrastructure/gui/mainwindow/main.go:385.12,387.18 2 0
github.com/jonesrussell/godo/internal/infrastructure/gui/mainwindow/main.go:387.18,389.4 1 0
github.com/jonesrussell/godo/internal/infrastructure/gui/mainwindow/main.go:394.35,395.17 1 0
github.com/jonesrussell/godo/internal/infrastructure/gui/mainwindow/main.go:395.17,397.3 1 0
github.com/jonesrussell/godo/internal/infrastructure/gui/mainwindow/main.go:401.28,402.17 1 0
github.com/jonesrussell/godo/internal/infrastructure/gui/mainwindow/main.go:402.17,404.3 1 0
github.com/jonesrussell/godo/internal/infrastructure/gui/mainwindow/main.go:408.41,409.17 1 0
github.com/jonesrussell/godo/internal/infrastructure/gui/mainwindow/main.go:409.17,411.3 1 0
github.com/jonesrussell/godo/internal/domain/service/note_service.go:51.84,56.2 1 0
github.com/jonesrussell/godo/internal/domain/service/note_service.go:58.65,59.38 1 0
github.com/jonesrussell/godo/internal/domain/service/note_service.go:59.38,64.3 1 0
github.com/jonesrussell/godo/internal/domain/service/note_service.go:65.2,65.25 1 0
github.com/jonesrussell/godo/internal/domain/service/note_service.go:65.25,70.3 1 0
github.com/jonesrussell/godo/internal/domain/service/note_service.go:71.2,71.12 1 0
github.com/jonesrussell/godo/internal/domain/service/note_service.go:74.55,75.33 1 0
github.com/jonesrussell/godo/internal/domain/service/note_service.go:75.33,80.3 1 0
github.com/jonesrussell/godo/internal/domain/service/note_service.go:81.2,81.42 1 0
github.com/jonesrussell/godo/internal/domain/service/note_service.go:81.42,86.3 1 0
github.com/jonesrussell/godo/internal/domain/service/note_service.go:87.2,87.12 1 0
github.com/jonesrussell/godo/internal/domain/service/note_service.go:90.92,92.55 2 0
github.com/jonesrussell/godo/internal/domain/service/note_service.go:92.55,95.3 2 0
github.com/jonesrussell/godo/internal/domain/service/note_service.go:96.2,103.47 2 0
github.com/jonesrussell/godo/internal/domain/service/note_service.go:103.47,106.3 2 0
github.com/jonesrussell/godo/internal/domain/service/note_service.go:107.2,108.19 2 0
github.com/jonesrussell/godo/internal/domain/service/note_service.go:111.84,113.45 2 0
github.com/jonesrussell/godo/internal/domain/service/note_service.go:113.45,116.3 2 0
github.com/jonesrussell/godo/internal/domain/service/note_service.go:117.2,118.16 2 0
github.com/jonesrussell/godo/internal/domain/service/note_service.go:118.16,121.3 2 0
github.com/jonesrussell/godo/internal/domain/service/note_service.go:122.2,123.18 2 0
github.com/jonesrussell/godo/internal/domain/service/note_service.go:126.114,128.45 2 0
github.com/jonesrussell/godo/internal/domain/service/note_service.go:128.45,131.3 2 0
github.com/jonesrussell/godo/internal/domain/service/note_service.go:132.2,133.16 2 0
github.com/jonesrussell/godo/internal/domain/service/note_service.go:133.16,136.3 2 0
github.com/jonesrussell/godo/internal/domain/service/note_service.go:137.2,137.28 1 0
github.com/jonesrussell/godo/internal/domain/service/note_service.go:137.28,138.75 1 0
github.com/jonesrussell/godo/internal/domain/service/note_service.go:138.75,141.4 2 0
github.com/jonesrussell/godo/internal/domain/service/note_service.go:142.3,142.61 1 0
github.com/jonesrussell/godo/internal/domain/service/note_service.go:144.2,144.25 1 0
github.com/jonesrussell/godo/internal/domain/service/note_service.go:144.25,146.3 1 0
github.com/jonesrussell/godo/internal/domain/service/note_service.go:147.2,148.69 2 0
github.com/jonesrussell/godo/internal/domain/service/note_service.go:148.69,151.3 2 0
github.com/jonesrussell/godo/internal/domain/service/note_service.go:152.2,153.26 2 0
github.com/jonesrussell/godo/internal/domain/service/note_service.go:156.72,158.45 2 0
github.com/jonesrussell/godo/internal/domain/service/note_service.go:158.45,161.3 2 0
github.com/jonesrussell/godo/internal/domain/service/note_service.go:162.2,162.47 1 0
github.com/jonesrussell/godo/internal/domain/service/note_service.go:162.47,165.3 2 0
github.com/jonesrussell/godo/internal/domain/service/note_service.go:166.2,167.12 2 0
github.com/jonesrussell/godo/internal/domain/service/note_service.go:170.97,173.16 3 0
github.com/jonesrussell/godo/internal/domain/service/note_service.go:173.16,176.3 2 0
github.com/jonesrussell/godo/internal/domain/service/note_service.go:177.2,177.19 1 0
github.com/jonesrussell/godo/internal/domain/service/note_service.go:177.19,179.3 1 0
github.com/jonesrussell/godo/internal/domain/service/note_service.go:180.2,181.19 2 0
github.com/jonesrussell/godo/internal/domain/service/note_service.go:185.91,186.19 1 0
github.com/jonesrussell/godo/internal/domain/service/note_service.go:186.19,188.3 1 0
github.com/jonesrussell/godo/internal/domain/service/note_service.go:189.2,190.44 2 0
github.com/jonesrussell/godo/internal/domain/service/note_service.go:194.95,196.29 2 0
github.com/jonesrussell/godo/internal/domain/service/note_service.go:196.29,197.36 1 0
github.com/jonesrussell/godo/internal/domain/service/note_service.go:197.36,199.4 1 0
github.com/jonesrussell/godo/internal/domain/service/note_service.go:201.2,201.17 1 0
github.com/jonesrussell/godo/internal/domain/service/note_service.go:205.94,206.47 1 0
github.com/jonesrussell/godo/internal/domain/service/note_service.go:206.47,208.3 1 0
github.com/jonesrussell/godo/internal/domain/service/note_service.go:209.2,211.48 3 0
github.com/jonesrussell/godo/internal/domain/service/note_service.go:211.48,213.3 1 0
github.com/jonesrussell/godo/internal/domain/service/note_service.go:214.2,214.48 1 0
github.com/jonesrussell/godo/internal/domain/service/note_service.go:218.93,219.26 1 0
github.com/jonesrussell/godo/internal/domain/service/note_service.go:219.26,221.3 1 0
github.com/jonesrussell/godo/internal/domain/service/note_service.go:222.2,223.22 2 0
github.com/jonesrussell/godo/internal/domain/service/note_service.go:223.22,225.3 1 0
github.com/jonesrussell/godo/internal/domain/service/note_service.go:226.2,226.26 1 0
github.com/jonesrussell/godo/internal/domain/service/note_service.go:230.80,231.53 1 0
github.com/jonesrussell/godo/internal/domain/service/note_service.go:231.53,233.3 1 0
github.com/jonesrussell/godo/internal/domain/service/note_service.go:234.2,234.113 1 0
github.com/jonesrussell/godo/internal/domain/service/note_service.go:234.113,236.3 1 0
github.com/jonesrussell/godo/internal/domain/service/note_service.go:237.2,237.79 1 0
github.com/jonesrussell/godo/internal/domain/service/note_service.go:237.79,239.3 1 0
github.com/jonesrussell/godo/internal/domain/service/note_service.go:240.2,240.80 1 0
github.com/jonesrussell/godo/internal/domain/service/note_service.go:240.80,242.3 1 0
github.com/jonesrussell/godo/internal/domain/service/note_service.go:243.2,243.13 1 0
github.com/jonesrussell/godo/internal/domain/model/note.go:21.36,30.2 2 0
github.com/jonesrussell/godo/internal/domain/model/note.go:33.29,36.2 2 0
github.com/jonesrussell/godo/internal/domain/model/note.go:39.46,42.2 2 0
github.com/jonesrussell/godo/internal/domain/model/note.go:45.27,48.2 2 0
github.com/jonesrussell/godo/internal/domain/model/note.go:51.29,54.2 2 0
github.com/jonesrussell/godo/internal/domain/model/note.go:57.32,58.21 1 0
github.com/jonesrussell/godo/internal/domain/model/note.go:58.21,63.3 1 0
github.com/jonesrussell/godo/internal/domain/model/note.go:64.2,64.27 1 0
github.com/jonesrussell/godo/internal/domain/model/note.go:64.27,69.3 1 0
github.com/jonesrussell/godo/internal/domain/model/note.go:70.2,70.12 1 0
github.com/jonesrussell/godo/internal/domain/model/note.go:79.42,81.2 1 0
github.com/jonesrussell/godo/internal/infrastructure/storage/api/store.go:30.77,31.26 1 0
github.com/jonesrussell/godo/internal/infrastructure/storage/api/store.go:31.26,33.3 1 0
github.com/jonesrussell/godo/internal/infrastructure/storage/api/store.go:35.2,36.18 2 0
github.com/jonesrussell/godo/internal/infrastructure/storage/api/store.go:36.18,38.3 1 0
github.com/jonesrussell/godo/internal/infrastructure/storage/api/store.go:40.2,41.21 2 0
github.com/jonesrussell/godo/internal/infrastructure/storage/api/store.go:41.21,43.3 1 0
github.com/jonesrussell/godo/internal/infrastructure/storage/api/store.go:45.2,46.21 2 0
github.com/jonesrussell/godo/internal/infrastructure/storage/api/store.go:46.21,48.3 1 0
github.com/jonesrussell/godo/internal/infrastructure/storage/api/store.go:51.2,69.8 4 0
github.com/jonesrussell/godo/internal/infrastructure/storage/api/store.go:73.86,79.16 3 0
github.com/jonesrussell/godo/internal/infrastructure/storage/api/store.go:79.16,81.3 1 0
github.com/jonesrussell/godo/internal/infrastructure/storage/api/store.go:83.2,84.16 2 0
github.com/jonesrussell/godo/internal/infrastructure/storage/api/store.go:84.16,86.3 1 0
github.com/jonesrussell/godo/internal/infrastructure/storage/api/store.go:88.2,92.16 4 0
github.com/jonesrussell/godo/internal/infrastructure/storage/api/store.go:92.16,94.3 1 0
github.com/jonesrussell/godo/internal/infrastructure/storage/api/store.go:95.2,97.43 2 0
github.com/jonesrussell/godo/internal/infrastructure/storage/api/store.go:97.43,99.3 1 0
github.com/jonesrussell/godo/internal/infrastructure/storage/api/store.go:101.2,102.68 2 0
github.com/jonesrussell/godo/internal/infrastructure/storage/api/store.go:102.68,104.3 1 0
github.com/jonesrussell/godo/internal/infrastructure/storage/api/store.go:106.2,106.48 1 0
github.com/jonesrussell/godo/internal/infrastructure/storage/api/store.go:110.78,112.16 2 0
github.com/jonesrussell/godo/internal/infrastructure/storage/api/store.go:112.16,114.3 1 0
github.com/jonesrussell/godo/internal/infrastructure/storage/api/store.go:116.2,119.16 3 0
github.com/jonesrussell/godo/internal/infrastructure/storage/api/store.go:119.16,121.3 1 0
github.com/jonesrussell/godo/internal/infrastructure/storage/api/store.go:122.2,124.44 2 0
github.com/jonesrussell/godo/internal/infrastructure/storage/api/store.go:124.44,126.3 1 0
github.com/jonesrussell/godo/internal/infrastructure/storage/api/store.go:128.2,128.38 1 0
github.com/jonesrussell/godo/internal/infrastructure/storage/api/store.go:128.38,130.3 1 0
github.com/jonesrussell/godo/internal/infrastructure/storage/api/store.go:132.2,133.68 2 0
github.com/jonesrussell/godo/internal/infrastructure/storage/api/store.go:133.68,135.3 1 0
github.com/jonesrussell/godo/internal/infrastructure/storage/api/store.go:137.2,137.48 1 0
github.com/jonesrussell/godo/internal/infrastructure/storage/api/store.go:141.73,143.16 2 0
github.com/jonesrussell/godo/internal/infrastructure/storage/api/store.go:143.16,145.3 1 0
github.com/jonesrussell/godo/internal/infrastructure/storage/api/store.go:147.2,150.16 3 0
github.com/jonesrussell/godo/internal/infrastructure/storage/api/store.go:150.16,152.3 1 0
github.com/jonesrussell/godo/internal/infrastructure/storage/api/store.go:153.2,155.38 2 0
github.com/jonesrussell/godo/internal/infrastructure/storage/api/store.go:155.38,157.3 1 0
github.com/jonesrussell/godo/internal/infrastructure/storage/api/store.go:159.2,160.68 2 0
github.com/jonesrussell/godo/internal/infrastructure/storage/api/store.go:160.68,162.3 1 0
github.com/jonesrussell/godo/internal/infrastructure/storage/api/store.go:164.2,165.39 2 0
github.com/jonesrussell/godo/internal/infrastructure/storage/api/store.go:165.39,167.3 1 0
github.com/jonesrussell/godo/internal/infrastructure/storage/api/store.go:169.2,169.19 1 0
github.com/jonesrussell/godo/internal/infrastructure/storage/api/store.go:173.108,180.16 3 0
github.com/jonesrussell/godo/internal/infrastructure/storage/api/store.go:180.16,182.3 1 0
github.com/jonesrussell/godo/internal/infrastructure/storage/api/store.go:184.2,185.16 2 0
github.com/jonesrussell/godo/internal/infrastructure/storage/api/store.go:185.16,187.3 1 0
github.com/jonesrussell/godo/internal/infrastructure/storage/api/store.go:189.2,193.16 4 0
github.com/jonesrussell/godo/internal/infrastructure/storage/api/store.go:193.16,195.3 1 0
github.com/jonesrussell/godo/internal/infrastructure/storage/api/store.go:196.2,198.44 2 0
github.com/jonesrussell/godo/internal/infrastructure/storage/api/store.go:198.44,200.3 1 0
github.com/jonesrussell/godo/internal/infrastructure/storage/api/store.go:202.2,202.38 1 0
github.com/jonesrussell/godo/internal/infrastructure/storage/api/store.go:202.38,204.3 1 0
github.com/jonesrussell/godo/internal/infrastructure/storage/api/store.go:206.2,207.68 2 0
github.com/jonesrussell/godo/internal/infrastructure/storage/api/store.go:207.68,209.3 1 0
github.com/jonesrussell/godo/internal/infrastructure/storage/api/store.go:211.2,211.48 1 0
github.com/jonesrussell/godo/internal/infrastructure/storage/api/store.go:215.66,217.16 2 0
github.com/jonesrussell/godo/internal/infrastructure/storage/api/store.go:217.16,219.3 1 0
github.com/jonesrussell/godo/internal/infrastructure/storage/api/store.go:221.2,224.16 3 0
github.com/jonesrussell/godo/internal/infrastructure/storage/api/store.go:224.16,226.3 1 0
github.com/jonesrussell/godo/internal/infrastructure/storage/api/store.go:227.2,229.44 2 0
github.com/jonesrussell/godo/internal/infrastructure/storage/api/store.go:229.44,231.3 1 0
github.com/jonesrussell/godo/internal/infrastructure/storage/api/store.go:232.2,232.44 1 0
github.com/jonesrussell/godo/internal/infrastructure/storage/api/store.go:232.44,234.3 1 0
github.com/jonesrussell/godo/internal/infrastructure/storage/api/store.go:236.2,236.81 1 0
github.com/jonesrussell/godo/internal/infrastructure/storage/api/store.go:236.81,238.3 1 0
github.com/jonesrussell/godo/internal/infrastructure/storage/api/store.go:240.2,240.12 1 0
github.com/jonesrussell/godo/internal/infrastructure/storage/api/store.go:244.81,246.16 2 0
github.com/jonesrussell/godo/internal/infrastructure/storage/api/store.go:246.16,248.3 1 0
github.com/jonesrussell/godo/internal/infrastructure/storage/api/store.go:250.2,253.16 3 0
github.com/jonesrussell/godo/internal/infrastructure/storage/api/store.go:253.16,255.3 1 0
github.com/jonesrussell/godo/internal/infrastructure/storage/api/store.go:256.2,258.44 2 0
github.com/jonesrussell/godo/internal/infrastructure/storage/api/store.go:258.44,260.3 1 0
github.com/jonesrussell/godo/internal/infrastructure/storage/api/store.go:262.2,262.38 1 0
github.com/jonesrussell/godo/internal/infrastructure/storage/api/store.go:262.38,264.3 1 0
github.com/jonesrussell/godo/internal/infrastructure/storage/api/store.go:266.2,267.68 2 0
github.com/jonesrussell/godo/internal/infrastructure/storage/api/store.go:267.68,269.3 1 0
github.com/jonesrussell/godo/internal/infrastructure/storage/api/store.go:271.2,271.48 1 0
github.com/jonesrussell/godo/internal/infrastructure/storage/api/store.go:275.79,277.16 2 0
github.com/jonesrussell/godo/internal/infrastructure/storage/api/store.go:277.16,279.3 1 0
github.com/jonesrussell/godo/internal/infrastructure/storage/api/store.go:281.2,284.16 3 0
github.com/jonesrussell/godo/internal/infrastructure/storage/api/store.go:284.16,286.3 1 0
github.com/jonesrussell/godo/internal/infrastructure/storage/api/store.go:287.2,289.44 2 0
github.com/jonesrussell/godo/internal/infrastructure/storage/api/store.go:289.44,291.3 1 0
github.com/jonesrussell/godo/internal/infrastructure/storage/api/store.go:293.2,293.38 1 0
github.com/jonesrussell/godo/internal/infrastructure/storage/api/store.go:293.38,295.3 1 0
github.com/jonesrussell/godo/internal/infrastructure/storage/api/store.go:297.2,298.68 2 0
github.com/jonesrussell/godo/internal/infrastructure/storage/api/store.go:298.68,300.3 1 0
github.com/jonesrussell/godo/internal/infrastructure/storage/api/store.go:302.2,302.48 1 0
github.com/jonesrussell/godo/internal/infrastructure/storage/api/store.go:306.81,308.16 2 0
github.com/jonesrussell/godo/internal/infrastructure/storage/api/store.go:308.16,310.3 1 0
github.com/jonesrussell/godo/internal/infrastructure/storage/api/store.go:312.2,315.16 3 0
github.com/jonesrussell/godo/internal/infrastructure/storage/api/store.go:315.16,317.3 1 0
github.com/jonesrussell/godo/internal/infrastructure/storage/api/store.go:318.2,320.44 2 0
github.com/jonesrussell/godo/internal/infrastructure/storage/api/store.go:320.44,322.3 1 0
github.com/jonesrussell/godo/internal/infrastructure/storage/api/store.go:324.2,324.38 1 0
github.com/jonesrussell/godo/internal/infrastructure/storage/api/store.go:324.38,326.3 1 0
github.com/jonesrussell/godo/internal/infrastructure/storage/api/store.go:328.2,329.68 2 0
github.com/jonesrussell/godo/internal/infrastructure/storage/api/store.go:329.68,331.3 1 0
github.com/jonesrussell/godo/internal/infrastructure/storage/api/store.go:333.2,333.48 1 0
github.com/jonesrussell/godo/internal/infrastructure/storage/api/store.go:337.31,340.2 2 0
github.com/jonesrussell/godo/internal/infrastructure/storage/api/store.go:343.77,346.55 2 0
github.com/jonesrussell/godo/internal/infrastructure/storage/api/store.go:346.55,347.18 1 0
github.com/jonesrussell/godo/internal/infrastructure/storage/api/store.go:347.18,350.4 2 0
github.com/jonesrussell/godo/internal/infrastructure/storage/api/store.go:352.3,353.17 2 0
github.com/jonesrussell/godo/internal/infrastructure/storage/api/store.go:353.17,355.12 2 0
github.com/jonesrussell/godo/internal/infrastructure/storage/api/store.go:359.3,359.80 1 0
github.com/jonesrussell/godo/internal/infrastructure/storage/api/store.go:359.80,361.4 1 0
github.com/jonesrussell/godo/internal/infrastructure/storage/api/store.go:364.3,364.80 1 0
github.com/jonesrussell/godo/internal/infrastructure/storage/api/store.go:364.80,366.4 1 0
github.com/jonesrussell/godo/internal/infrastructure/storage/api/store.go:369.3,370.60 2 0
github.com/jonesrussell/godo/internal/infrastructure/storage/api/store.go:373.2,373.61 1 0
github.com/jonesrussell/godo/internal/infrastructure/storage/api/store.go:377.59,379.16 2 0
github.com/jonesrussell/godo/internal/infrastructure/storage/api/store.go:379.16,381.3 1 0
github.com/jonesrussell/godo/internal/infrastructure/storage/api/store.go:383.2,384.54 2 0
github.com/jonesrussell/godo/internal/infrastructure/storage/api/store.go:384.54,386.3 1 0
github.com/jonesrussell/godo/internal/infrastructure/storage/api/store.go:388.2,388.28 1 0
github.com/jonesrussell/godo/internal/infrastructure/storage/api/store.go:388.28,393.3 1 0
github.com/jonesrussell/godo/internal/infrastructure/storage/api/store.go:395.2,395.52 1 0
github.com/jonesrussell/godo/internal/infrastructure/storage/api/store.go:399.65,407.2 1 0
github.com/jonesrussell/godo/internal/infrastructure/storage/errors/errors.go:26.40,28.2 1 0
github.com/jonesrussell/godo/internal/infrastructure/storage/errors/errors.go:31.47,33.2 1 0
github.com/jonesrussell/godo/internal/infrastructure/storage/errors/errors.go:41.42,42.23 1 0
github.com/jonesrussell/godo/internal/infrastructure/storage/errors/errors.go:42.23,44.3 1 0
github.com/jonesrussell/godo/internal/infrastructure/storage/errors/errors.go:45.2,45.18 1 0
github.com/jonesrussell/godo/internal/infrastructure/storage/factory/factory.go:14.122,15.19 1 0
github.com/jonesrussell/godo/internal/infrastructure/storage/factory/factory.go:15.19,17.3 1 0
github.com/jonesrussell/godo/internal/infrastructure/storage/factory/factory.go:19.2,19.16 1 0
github.com/jonesrussell/godo/internal/infrastructure/storage/factory/factory.go:19.16,21.3 1 0
github.com/jonesrussell/godo/internal/infrastructure/storage/factory/factory.go:23.2,23.21 1 0
github.com/jonesrussell/godo/internal/infrastructure/storage/factory/factory.go:24.39,25.47 1 0
github.com/jonesrussell/godo/internal/infrastructure/storage/factory/factory.go:26.36,27.41 1 0
github.com/jonesrussell/godo/internal/infrastructure/storage/factory/factory.go:28.10,29.70 1 0
github.com/jonesrussell/godo/internal/infrastructure/storage/factory/factory.go:34.120,35.19 1 0
github.com/jonesrussell/godo/internal/infrastructure/storage/factory/factory.go:35.19,37.3 1 0
github.com/jonesrussell/godo/internal/infrastructure/storage/factory/factory.go:39.2,39.27 1 0
github.com/jonesrussell/godo/internal/infrastructure/storage/factory/factory.go:39.27,41.3 1 0
github.com/jonesrussell/godo/internal/infrastructure/storage/factory/factory.go:43.2,46.16 3 0
github.com/jonesrussell/godo/internal/infrastructure/storage/factory/factory.go:46.16,48.3 1 0
github.com/jonesrussell/godo/internal/infrastructure/storage/factory/factory.go:50.2,53.21 3 0
github.com/jonesrussell/godo/internal/infrastructure/storage/factory/factory.go:57.114,58.19 1 0
github.com/jonesrussell/godo/internal/infrastructure/storage/factory/factory.go:58.19,60.3 1 0
github.com/jonesrussell/godo/internal/infrastructure/storage/factory/factory.go:62.2,62.26 1 0
github.com/jonesrussell/godo/internal/infrastructure/storage/factory/factory.go:62.26,64.3 1 0
github.com/jonesrussell/godo/internal/infrastructure/storage/factory/factory.go:66.2,69.16 3 0
github.com/jonesrussell/godo/internal/infrastructure/storage/factory/factory.go:69.16,71.3 1 0
github.com/jonesrussell/godo/internal/infrastructure/storage/factory/factory.go:73.2,75.19 2 0
github.com/jonesrussell/godo/internal/infrastructure/storage/sqlite/adapter.go:17.54,21.2 1 0
github.com/jonesrussell/godo/internal/infrastructure/storage/sqlite/adapter.go:24.95,27.39 2 0
github.com/jonesrussell/godo/internal/infrastructure/storage/sqlite/adapter.go:27.39,29.3 1 0
github.com/jonesrussell/godo/internal/infrastructure/storage/sqlite/adapter.go:31.2,31.47 1 0
github.com/jonesrussell/godo/internal/infrastructure/storage/sqlite/adapter.go:31.47,33.3 1 0
github.com/jonesrussell/godo/internal/infrastructure/storage/sqlite/adapter.go:35.2,35.18 1 0
github.com/jonesrussell/godo/internal/infrastructure/storage/sqlite/adapter.go:39.87,41.16 2 0
github.com/jonesrussell/godo/internal/infrastructure/storage/sqlite/adapter.go:41.16,43.3 1 0
github.com/jonesrussell/godo/internal/infrastructure/storage/sqlite/adapter.go:44.2,44.19 1 0
github.com/jonesrussell/godo/internal/infrastructure/storage/sqlite/adapter.go:48.82,50.16 2 0
github.com/jonesrussell/godo/internal/infrastructure/storage/sqlite/adapter.go:50.16,52.3 1 0
github.com/jonesrussell/godo/internal/infrastructure/storage/sqlite/adapter.go:54.2,55.29 2 0
github.com/jonesrussell/godo/internal/infrastructure/storage/sqlite/adapter.go:55.29,57.3 1 0
github.com/jonesrussell/godo/internal/infrastructure/storage/sqlite/adapter.go:59.2,59.20 1 0
github.com/jonesrussell/godo/internal/infrastructure/storage/sqlite/adapter.go:63.117,66.16 2 0
github.com/jonesrussell/godo/internal/infrastructure/storage/sqlite/adapter.go:66.16,68.3 1 0
github.com/jonesrussell/godo/internal/infrastructure/storage/sqlite/adapter.go:71.2,76.51 4 0
github.com/jonesrussell/godo/internal/infrastructure/storage/sqlite/adapter.go:76.51,78.3 1 0
github.com/jonesrussell/godo/internal/infrastructure/storage/sqlite/adapter.go:80.2,80.19 1 0
github.com/jonesrussell/godo/internal/infrastructure/storage/sqlite/adapter.go:84.75,85.48 1 0
github.com/jonesrussell/godo/internal/infrastructure/storage/sqlite/adapter.go:85.48,87.3 1 0
github.com/jonesrussell/godo/internal/infrastructure/storage/sqlite/adapter.go:88.2,88.12 1 0
github.com/jonesrussell/godo/internal/infrastructure/storage/sqlite/adapter.go:92.90,94.16 2 0
github.com/jonesrussell/godo/internal/infrastructure/storage/sqlite/adapter.go:94.16,96.3 1 0
github.com/jonesrussell/godo/internal/infrastructure/storage/sqlite/adapter.go:98.2,100.51 2 0
github.com/jonesrussell/godo/internal/infrastructure/storage/sqlite/adapter.go:100.51,102.3 1 0
github.com/jonesrussell/godo/internal/infrastructure/storage/sqlite/adapter.go:104.2,104.19 1 0
github.com/jonesrussell/godo/internal/infrastructure/storage/sqlite/adapter.go:108.88,110.16 2 0
github.com/jonesrussell/godo/internal/infrastructure/storage/sqlite/adapter.go:110.16,112.3 1 0
github.com/jonesrussell/godo/internal/infrastructure/storage/sqlite/adapter.go:114.2,116.51 2 0
github.com/jonesrussell/godo/internal/infrastructure/storage/sqlite/adapter.go:116.51,118.3 1 0
github.com/jonesrussell/godo/internal/infrastructure/storage/sqlite/adapter.go:120.2,120.19 1 0
github.com/jonesrussell/godo/internal/infrastructure/storage/sqlite/adapter.go:124.90,126.16 2 0
github.com/jonesrussell/godo/internal/infrastructure/storage/sqlite/adapter.go:126.16,128.3 1 0
github.com/jonesrussell/godo/internal/infrastructure/storage/sqlite/adapter.go:130.2,132.51 2 0
github.com/jonesrussell/godo/internal/infrastructure/storage/sqlite/adapter.go:132.51,134.3 1 0
github.com/jonesrussell/godo/internal/infrastructure/storage/sqlite/adapter.go:136.2,136.19 1 0
github.com/jonesrussell/godo/internal/infrastructure/storage/sqlite/adapter.go:140.40,142.2 1 0
github.com/jonesrussell/godo/internal/infrastructure/storage/sqlite/migrations.go:9.38,22.2 3 0
github.com/jonesrussell/godo/internal/infrastructure/storage/sqlite/store.go:26.58,29.48 2 0
github.com/jonesrussell/godo/internal/infrastructure/storage/sqlite/store.go:29.48,32.3 2 0
github.com/jonesrussell/godo/internal/infrastructure/storage/sqlite/store.go:33.2,36.16 3 0
github.com/jonesrussell/godo/internal/infrastructure/storage/sqlite/store.go:36.16,38.3 1 0
github.com/jonesrussell/godo/internal/infrastructure/storage/sqlite/store.go:40.2,45.48 2 0
github.com/jonesrussell/godo/internal/infrastructure/storage/sqlite/store.go:45.48,48.3 2 0
github.com/jonesrussell/godo/internal/infrastructure/storage/sqlite/store.go:50.2,50.19 1 0
github.com/jonesrussell/godo/internal/infrastructure/storage/sqlite/store.go:54.66,60.2 2 0
github.com/jonesrussell/godo/internal/infrastructure/storage/sqlite/store.go:63.77,70.26 3 0
github.com/jonesrussell/godo/internal/infrastructure/storage/sqlite/store.go:70.26,72.3 1 0
github.com/jonesrussell/godo/internal/infrastructure/storage/sqlite/store.go:73.2,73.18 1 0
github.com/jonesrussell/godo/internal/infrastructure/storage/sqlite/store.go:77.69,82.16 2 0
github.com/jonesrussell/godo/internal/infrastructure/storage/sqlite/store.go:82.16,84.3 1 0
github.com/jonesrussell/godo/internal/infrastructure/storage/sqlite/store.go:86.2,87.16 2 0
github.com/jonesrussell/godo/internal/infrastructure/storage/sqlite/store.go:87.16,89.3 1 0
github.com/jonesrussell/godo/internal/infrastructure/storage/sqlite/store.go:91.2,91.15 1 0
github.com/jonesrussell/godo/internal/infrastructure/storage/sqlite/store.go:91.15,93.3 1 0
github.com/jonesrussell/godo/internal/infrastructure/storage/sqlite/store.go:94.2,94.12 1 0
github.com/jonesrussell/godo/internal/infrastructure/storage/sqlite/store.go:98.62,100.16 2 0
github.com/jonesrussell/godo/internal/infrastructure/storage/sqlite/store.go:100.16,102.3 1 0
github.com/jonesrussell/godo/internal/infrastructure/storage/sqlite/store.go:104.2,105.16 2 0
github.com/jonesrussell/godo/internal/infrastructure/storage/sqlite/store.go:105.16,107.3 1 0
github.com/jonesrussell/godo/internal/infrastructure/storage/sqlite/store.go:109.2,109.15 1 0
github.com/jonesrussell/godo/internal/infrastructure/storage/sqlite/store.go:109.15,111.3 1 0
github.com/jonesrussell/godo/internal/infrastructure/storage/sqlite/store.go:112.2,112.12 1 0
github.com/jonesrussell/godo/internal/infrastructure/storage/sqlite/store.go:116.65,120.16 2 0
github.com/jonesrussell/godo/internal/infrastructure/storage/sqlite/store.go:120.16,122.3 1 0
github.com/jonesrussell/godo/internal/infrastructure/storage/sqlite/store.go:123.2,126.18 3 0
github.com/jonesrussell/godo/internal/infrastructure/storage/sqlite/store.go:126.18,129.21 3 0
github.com/jonesrussell/godo/internal/infrastructure/storage/sqlite/store.go:129.21,131.4 1 0
github.com/jonesrussell/godo/internal/infrastructure/storage/sqlite/store.go:132.3,132.30 1 0
github.com/jonesrussell/godo/internal/infrastructure/storage/sqlite/store.go:134.2,134.26 1 0
github.com/jonesrussell/godo/internal/infrastructure/storage/sqlite/store.go:138.31,140.2 1 0
github.com/jonesrussell/godo/internal/infrastructure/storage/sqlite/store.go:143.70,145.16 2 0
github.com/jonesrussell/godo/internal/infrastructure/storage/sqlite/store.go:145.16,147.3 1 0
github.com/jonesrussell/godo/internal/infrastructure/storage/sqlite/store.go:148.2,148.34 1 0
github.com/jonesrussell/godo/internal/infrastructure/storage/sqlite/store.go:157.72,163.2 2 0
github.com/jonesrussell/godo/internal/infrastructure/storage/sqlite/store.go:166.71,168.16 2 0
github.com/jonesrussell/godo/internal/infrastructure/storage/sqlite/store.go:168.16,170.3 1 0
github.com/jonesrussell/godo/internal/infrastructure/storage/sqlite/store.go:171.2,174.18 3 0
github.com/jonesrussell/godo/internal/infrastructure/storage/sqlite/store.go:174.18,182.21 2 0
github.com/jonesrussell/godo/internal/infrastructure/storage/sqlite/store.go:182.21,184.4 1 0
github.com/jonesrussell/godo/internal/infrastructure/storage/sqlite/store.go:185.3,185.30 1 0
github.com/jonesrussell/godo/internal/infrastructure/storage/sqlite/store.go:187.2,187.26 1 0
github.com/jonesrussell/godo/internal/infrastructure/storage/sqlite/store.go:191.83,203.26 3 0
github.com/jonesrussell/godo/internal/infrastructure/storage/sqlite/store.go:203.26,205.3 1 0
github.com/jonesrussell/godo/internal/infrastructure/storage/sqlite/store.go:206.2,206.16 1 0
github.com/jonesrussell/godo/internal/infrastructure/storage/sqlite/store.go:206.16,208.3 1 0
github.com/jonesrussell/godo/internal/infrastructure/storage/sqlite/store.go:209.2,209.18 1 0
github.com/jonesrussell/godo/internal/infrastructure/storage/sqlite/store.go:213.75,218.16 2 0
github.com/jonesrussell/godo/internal/infrastructure/storage/sqlite/store.go:218.16,220.3 1 0
github.com/jonesrussell/godo/internal/infrastructure/storage/sqlite/store.go:222.2,223.16 2 0
github.com/jonesrussell/godo/internal/infrastructure/storage/sqlite/store.go:223.16,225.3 1 0
github.com/jonesrussell/godo/internal/infrastructure/storage/sqlite/store.go:227.2,227.15 1 0
github.com/jonesrussell/godo/internal/infrastructure/storage/sqlite/store.go:227.15,229.3 1 0
github.com/jonesrussell/godo/internal/infrastructure/storage/sqlite/store.go:230.2,230.12 1 0
github.com/jonesrussell/godo/internal/infrastructure/storage/sqlite/store.go:234.68,236.16 2 0
github.com/jonesrussell/godo/internal/infrastructure/storage/sqlite/store.go:236.16,238.3 1 0
github.com/jonesrussell/godo/internal/infrastructure/storage/sqlite/store.go:240.2,241.16 2 0
github.com/jonesrussell/godo/internal/infrastructure/storage/sqlite/store.go:241.16,243.3 1 0
github.com/jonesrussell/godo/internal/infrastructure/storage/sqlite/store.go:245.2,245.15 1 0
github.com/jonesrussell/godo/internal/infrastructure/storage/sqlite/store.go:245.15,247.3 1 0
github.com/jonesrussell/godo/internal/infrastructure/storage/sqlite/store.go:248.2,248.12 1 0
github.com/jonesrussell/godo/internal/infrastructure/storage/sqlite/store.go:252.38,254.2 1 0
github.com/jonesrussell/godo/internal/infrastructure/storage/sqlite/store.go:257.40,259.2 1 0
github.com/jonesrussell/godo/internal/infrastructure/storage/memory/store.go:19.19,23.2 1 0
github.com/jonesrussell/godo/internal/infrastructure/storage/memory/store.go:26.64,30.43 3 0
github.com/jonesrussell/godo/internal/infrastructure/storage/memory/store.go:30.43,32.3 1 0
github.com/jonesrussell/godo/internal/infrastructure/storage/memory/store.go:34.2,35.12 2 0
github.com/jonesrussell/godo/internal/infrastructure/storage/memory/store.go:39.75,44.13 4 0
github.com/jonesrussell/godo/internal/infrastructure/storage/memory/store.go:44.13,46.3 1 0
github.com/jonesrussell/godo/internal/infrastructure/storage/memory/store.go:48.2,48.18 1 0
github.com/jonesrussell/godo/internal/infrastructure/storage/memory/store.go:52.63,57.31 4 0
github.com/jonesrussell/godo/internal/infrastructure/storage/memory/store.go:57.31,59.3 1 0
github.com/jonesrussell/godo/internal/infrastructure/storage/memory/store.go:61.2,61.19 1 0
github.com/jonesrussell/godo/internal/infrastructure/storage/memory/store.go:65.67,69.44 3 0
github.com/jonesrussell/godo/internal/infrastructure/storage/memory/store.go:69.44,71.3 1 0
github.com/jonesrussell/godo/internal/infrastructure/storage/memory/store.go:73.2,74.12 2 0
github.com/jonesrussell/godo/internal/infrastructure/storage/memory/store.go:78.60,82.39 3 0
github.com/jonesrussell/godo/internal/infrastructure/storage/memory/store.go:82.39,84.3 1 0
github.com/jonesrussell/godo/internal/infrastructure/storage/memory/store.go:86.2,87.12 2 0
github.com/jonesrussell/godo/internal/infrastructure/storage/memory/store.go:91.31,97.2 4 0
github.com/jonesrussell/godo/internal/infrastructure/storage/validation/validation.go:18.64,22.2 1 0
github.com/jonesrussell/godo/internal/infrastructure/storage/validation/validation.go:25.62,26.56 1 0
github.com/jonesrussell/godo/internal/infrastructure/storage/validation/validation.go:26.56,28.3 1 0
github.com/jonesrussell/godo/internal/infrastructure/storage/validation/validation.go:30.2,30.51 1 0
github.com/jonesrussell/godo/internal/infrastructure/storage/validation/validation.go:30.51,32.3 1 0
github.com/jonesrussell/godo/internal/infrastructure/storage/validation/validation.go:34.2,34.12 1 0
github.com/jonesrussell/godo/internal/infrastructure/storage/validation/validation.go:38.63,39.19 1 0
github.com/jonesrussell/godo/internal/infrastructure/storage/validation/validation.go:39.19,44.3 1 0
github.com/jonesrussell/godo/internal/infrastructure/storage/validation/validation.go:46.2,46.25 1 0
github.com/jonesrussell/godo/internal/infrastructure/storage/validation/validation.go:46.25,51.3 1 0
github.com/jonesrussell/godo/internal/infrastructure/storage/validation/validation.go:53.2,53.12 1 0
github.com/jonesrussell/godo/internal/infrastructure/storage/validation/validation.go:57.68,61.31 2 0
github.com/jonesrussell/godo/internal/infrastructure/storage/validation/validation.go:61.31,66.3 1 0
github.com/jonesrussell/godo/internal/infrastructure/storage/validation/validation.go:69.2,69.31 1 0
github.com/jonesrussell/godo/internal/infrastructure/storage/validation/validation.go:69.31,74.3 1 0
github.com/jonesrussell/godo/internal/infrastructure/storage/validation/validation.go:77.2,77.43 1 0
github.com/jonesrussell/godo/internal/infrastructure/storage/validation/validation.go:77.43,82.3 1 0
github.com/jonesrussell/godo/internal/infrastructure/storage/validation/validation.go:84.2,84.12 1 0
github.com/jonesrussell/godo/internal/infrastructure/storage/validation/validation.go:88.81,90.48 1 0
github.com/jonesrussell/godo/internal/infrastructure/storage/validation/validation.go:90.48,92.3 1 0
github.com/jonesrussell/godo/internal/infrastructure/storage/validation/validation.go:95.2,95.31 1 0
github.com/jonesrussell/godo/internal/infrastructure/storage/validation/validation.go:95.31,100.3 1 0
github.com/jonesrussell/godo/internal/infrastructure/storage/validation/validation.go:103.2,103.50 1 0
github.com/jonesrussell/godo/internal/infrastructure/storage/validation/validation.go:103.50,108.3 1 0
github.com/jonesrussell/godo/internal/infrastructure/storage/validation/validation.go:110.2,110.12 1 0
